Vivado Simulator v2022.2
Copyright 1986-1999, 2001-2022 Xilinx, Inc. All Rights Reserved.
Running: C:/XilinxNew/Vivado/2022.2/bin/unwrapped/win64.o/xelab.exe --incr --debug typical --relax --mt 2 -L xil_defaultlib -L xbip_dsp48_wrapper_v3_0_4 -L xbip_utils_v3_0_10 -L xbip_pipe_v3_0_6 -L dsp_macro_v1_0_2 -L fifo_generator_v13_2_7 -L unisims_ver -L unimacro_ver -L secureip -L xpm --snapshot tb_top_behav xil_defaultlib.tb_top xil_defaultlib.glbl -log elaborate.log 
Using 2 slave threads.
Starting static elaboration
Pass Through NonSizing Optimizer
WARNING: [VRFC 10-8864] concatenation with an unsized literal will be treated as 32 bits [C:/Users/jungh/vivado_jungho/DECONV_renamed/DECONV_renamed.srcs/sources_1/new/deconv_PE.v:165]
WARNING: [VRFC 10-9380] size mismatch in mixed-language port association of VHDL port 'a' [C:/Users/jungh/vivado_jungho/DECONV_renamed/DECONV_renamed.srcs/sources_1/new/deconv_PE.v:162]
WARNING: [VRFC 10-8864] concatenation with an unsized literal will be treated as 32 bits [C:/Users/jungh/vivado_jungho/DECONV_renamed/DECONV_renamed.srcs/sources_1/new/deconv_PE.v:173]
WARNING: [VRFC 10-9380] size mismatch in mixed-language port association of VHDL port 'a' [C:/Users/jungh/vivado_jungho/DECONV_renamed/DECONV_renamed.srcs/sources_1/new/deconv_PE.v:170]
WARNING: [VRFC 10-8864] concatenation with an unsized literal will be treated as 32 bits [C:/Users/jungh/vivado_jungho/DECONV_renamed/DECONV_renamed.srcs/sources_1/new/deconv_PE.v:181]
WARNING: [VRFC 10-9380] size mismatch in mixed-language port association of VHDL port 'a' [C:/Users/jungh/vivado_jungho/DECONV_renamed/DECONV_renamed.srcs/sources_1/new/deconv_PE.v:178]
WARNING: [VRFC 10-8864] concatenation with an unsized literal will be treated as 32 bits [C:/Users/jungh/vivado_jungho/DECONV_renamed/DECONV_renamed.srcs/sources_1/new/deconv_PE.v:189]
WARNING: [VRFC 10-9380] size mismatch in mixed-language port association of VHDL port 'a' [C:/Users/jungh/vivado_jungho/DECONV_renamed/DECONV_renamed.srcs/sources_1/new/deconv_PE.v:186]
WARNING: [VRFC 10-8864] concatenation with an unsized literal will be treated as 32 bits [C:/Users/jungh/vivado_jungho/DECONV_renamed/DECONV_renamed.srcs/sources_1/new/deconv_PE.v:197]
WARNING: [VRFC 10-9380] size mismatch in mixed-language port association of VHDL port 'a' [C:/Users/jungh/vivado_jungho/DECONV_renamed/DECONV_renamed.srcs/sources_1/new/deconv_PE.v:194]
WARNING: [VRFC 10-8864] concatenation with an unsized literal will be treated as 32 bits [C:/Users/jungh/vivado_jungho/DECONV_renamed/DECONV_renamed.srcs/sources_1/new/deconv_PE.v:205]
WARNING: [VRFC 10-9380] size mismatch in mixed-language port association of VHDL port 'a' [C:/Users/jungh/vivado_jungho/DECONV_renamed/DECONV_renamed.srcs/sources_1/new/deconv_PE.v:202]
WARNING: [VRFC 10-8864] concatenation with an unsized literal will be treated as 32 bits [C:/Users/jungh/vivado_jungho/DECONV_renamed/DECONV_renamed.srcs/sources_1/new/deconv_PE.v:213]
WARNING: [VRFC 10-9380] size mismatch in mixed-language port association of VHDL port 'a' [C:/Users/jungh/vivado_jungho/DECONV_renamed/DECONV_renamed.srcs/sources_1/new/deconv_PE.v:210]
WARNING: [VRFC 10-8864] concatenation with an unsized literal will be treated as 32 bits [C:/Users/jungh/vivado_jungho/DECONV_renamed/DECONV_renamed.srcs/sources_1/new/deconv_PE.v:221]
WARNING: [VRFC 10-9380] size mismatch in mixed-language port association of VHDL port 'a' [C:/Users/jungh/vivado_jungho/DECONV_renamed/DECONV_renamed.srcs/sources_1/new/deconv_PE.v:218]
WARNING: [VRFC 10-8864] concatenation with an unsized literal will be treated as 32 bits [C:/Users/jungh/vivado_jungho/DECONV_renamed/DECONV_renamed.srcs/sources_1/new/deconv_PE.v:229]
WARNING: [VRFC 10-9380] size mismatch in mixed-language port association of VHDL port 'a' [C:/Users/jungh/vivado_jungho/DECONV_renamed/DECONV_renamed.srcs/sources_1/new/deconv_PE.v:226]
WARNING: [VRFC 10-8864] concatenation with an unsized literal will be treated as 32 bits [C:/Users/jungh/vivado_jungho/DECONV_renamed/DECONV_renamed.srcs/sources_1/new/deconv_PE.v:165]
WARNING: [VRFC 10-9380] size mismatch in mixed-language port association of VHDL port 'a' [C:/Users/jungh/vivado_jungho/DECONV_renamed/DECONV_renamed.srcs/sources_1/new/deconv_PE.v:162]
WARNING: [VRFC 10-8864] concatenation with an unsized literal will be treated as 32 bits [C:/Users/jungh/vivado_jungho/DECONV_renamed/DECONV_renamed.srcs/sources_1/new/deconv_PE.v:173]
WARNING: [VRFC 10-9380] size mismatch in mixed-language port association of VHDL port 'a' [C:/Users/jungh/vivado_jungho/DECONV_renamed/DECONV_renamed.srcs/sources_1/new/deconv_PE.v:170]
WARNING: [VRFC 10-8864] concatenation with an unsized literal will be treated as 32 bits [C:/Users/jungh/vivado_jungho/DECONV_renamed/DECONV_renamed.srcs/sources_1/new/deconv_PE.v:181]
WARNING: [VRFC 10-9380] size mismatch in mixed-language port association of VHDL port 'a' [C:/Users/jungh/vivado_jungho/DECONV_renamed/DECONV_renamed.srcs/sources_1/new/deconv_PE.v:178]
WARNING: [VRFC 10-8864] concatenation with an unsized literal will be treated as 32 bits [C:/Users/jungh/vivado_jungho/DECONV_renamed/DECONV_renamed.srcs/sources_1/new/deconv_PE.v:189]
WARNING: [VRFC 10-9380] size mismatch in mixed-language port association of VHDL port 'a' [C:/Users/jungh/vivado_jungho/DECONV_renamed/DECONV_renamed.srcs/sources_1/new/deconv_PE.v:186]
WARNING: [VRFC 10-8864] concatenation with an unsized literal will be treated as 32 bits [C:/Users/jungh/vivado_jungho/DECONV_renamed/DECONV_renamed.srcs/sources_1/new/deconv_PE.v:197]
WARNING: [VRFC 10-9380] size mismatch in mixed-language port association of VHDL port 'a' [C:/Users/jungh/vivado_jungho/DECONV_renamed/DECONV_renamed.srcs/sources_1/new/deconv_PE.v:194]
WARNING: [VRFC 10-8864] concatenation with an unsized literal will be treated as 32 bits [C:/Users/jungh/vivado_jungho/DECONV_renamed/DECONV_renamed.srcs/sources_1/new/deconv_PE.v:205]
WARNING: [VRFC 10-9380] size mismatch in mixed-language port association of VHDL port 'a' [C:/Users/jungh/vivado_jungho/DECONV_renamed/DECONV_renamed.srcs/sources_1/new/deconv_PE.v:202]
WARNING: [VRFC 10-8864] concatenation with an unsized literal will be treated as 32 bits [C:/Users/jungh/vivado_jungho/DECONV_renamed/DECONV_renamed.srcs/sources_1/new/deconv_PE.v:213]
WARNING: [VRFC 10-9380] size mismatch in mixed-language port association of VHDL port 'a' [C:/Users/jungh/vivado_jungho/DECONV_renamed/DECONV_renamed.srcs/sources_1/new/deconv_PE.v:210]
WARNING: [VRFC 10-8864] concatenation with an unsized literal will be treated as 32 bits [C:/Users/jungh/vivado_jungho/DECONV_renamed/DECONV_renamed.srcs/sources_1/new/deconv_PE.v:221]
WARNING: [VRFC 10-9380] size mismatch in mixed-language port association of VHDL port 'a' [C:/Users/jungh/vivado_jungho/DECONV_renamed/DECONV_renamed.srcs/sources_1/new/deconv_PE.v:218]
WARNING: [VRFC 10-8864] concatenation with an unsized literal will be treated as 32 bits [C:/Users/jungh/vivado_jungho/DECONV_renamed/DECONV_renamed.srcs/sources_1/new/deconv_PE.v:229]
WARNING: [VRFC 10-9380] size mismatch in mixed-language port association of VHDL port 'a' [C:/Users/jungh/vivado_jungho/DECONV_renamed/DECONV_renamed.srcs/sources_1/new/deconv_PE.v:226]
WARNING: [VRFC 10-8864] concatenation with an unsized literal will be treated as 32 bits [C:/Users/jungh/vivado_jungho/DECONV_renamed/DECONV_renamed.srcs/sources_1/new/deconv_PE.v:165]
WARNING: [VRFC 10-9380] size mismatch in mixed-language port association of VHDL port 'a' [C:/Users/jungh/vivado_jungho/DECONV_renamed/DECONV_renamed.srcs/sources_1/new/deconv_PE.v:162]
WARNING: [VRFC 10-8864] concatenation with an unsized literal will be treated as 32 bits [C:/Users/jungh/vivado_jungho/DECONV_renamed/DECONV_renamed.srcs/sources_1/new/deconv_PE.v:173]
WARNING: [VRFC 10-9380] size mismatch in mixed-language port association of VHDL port 'a' [C:/Users/jungh/vivado_jungho/DECONV_renamed/DECONV_renamed.srcs/sources_1/new/deconv_PE.v:170]
WARNING: [VRFC 10-8864] concatenation with an unsized literal will be treated as 32 bits [C:/Users/jungh/vivado_jungho/DECONV_renamed/DECONV_renamed.srcs/sources_1/new/deconv_PE.v:181]
WARNING: [VRFC 10-9380] size mismatch in mixed-language port association of VHDL port 'a' [C:/Users/jungh/vivado_jungho/DECONV_renamed/DECONV_renamed.srcs/sources_1/new/deconv_PE.v:178]
WARNING: [VRFC 10-8864] concatenation with an unsized literal will be treated as 32 bits [C:/Users/jungh/vivado_jungho/DECONV_renamed/DECONV_renamed.srcs/sources_1/new/deconv_PE.v:189]
WARNING: [VRFC 10-9380] size mismatch in mixed-language port association of VHDL port 'a' [C:/Users/jungh/vivado_jungho/DECONV_renamed/DECONV_renamed.srcs/sources_1/new/deconv_PE.v:186]
WARNING: [VRFC 10-8864] concatenation with an unsized literal will be treated as 32 bits [C:/Users/jungh/vivado_jungho/DECONV_renamed/DECONV_renamed.srcs/sources_1/new/deconv_PE.v:197]
WARNING: [VRFC 10-9380] size mismatch in mixed-language port association of VHDL port 'a' [C:/Users/jungh/vivado_jungho/DECONV_renamed/DECONV_renamed.srcs/sources_1/new/deconv_PE.v:194]
WARNING: [VRFC 10-8864] concatenation with an unsized literal will be treated as 32 bits [C:/Users/jungh/vivado_jungho/DECONV_renamed/DECONV_renamed.srcs/sources_1/new/deconv_PE.v:205]
WARNING: [VRFC 10-9380] size mismatch in mixed-language port association of VHDL port 'a' [C:/Users/jungh/vivado_jungho/DECONV_renamed/DECONV_renamed.srcs/sources_1/new/deconv_PE.v:202]
WARNING: [VRFC 10-8864] concatenation with an unsized literal will be treated as 32 bits [C:/Users/jungh/vivado_jungho/DECONV_renamed/DECONV_renamed.srcs/sources_1/new/deconv_PE.v:213]
WARNING: [VRFC 10-9380] size mismatch in mixed-language port association of VHDL port 'a' [C:/Users/jungh/vivado_jungho/DECONV_renamed/DECONV_renamed.srcs/sources_1/new/deconv_PE.v:210]
WARNING: [VRFC 10-8864] concatenation with an unsized literal will be treated as 32 bits [C:/Users/jungh/vivado_jungho/DECONV_renamed/DECONV_renamed.srcs/sources_1/new/deconv_PE.v:221]
WARNING: [VRFC 10-9380] size mismatch in mixed-language port association of VHDL port 'a' [C:/Users/jungh/vivado_jungho/DECONV_renamed/DECONV_renamed.srcs/sources_1/new/deconv_PE.v:218]
WARNING: [VRFC 10-8864] concatenation with an unsized literal will be treated as 32 bits [C:/Users/jungh/vivado_jungho/DECONV_renamed/DECONV_renamed.srcs/sources_1/new/deconv_PE.v:229]
WARNING: [VRFC 10-9380] size mismatch in mixed-language port association of VHDL port 'a' [C:/Users/jungh/vivado_jungho/DECONV_renamed/DECONV_renamed.srcs/sources_1/new/deconv_PE.v:226]
WARNING: [VRFC 10-8864] concatenation with an unsized literal will be treated as 32 bits [C:/Users/jungh/vivado_jungho/DECONV_renamed/DECONV_renamed.srcs/sources_1/new/deconv_PE.v:165]
WARNING: [VRFC 10-9380] size mismatch in mixed-language port association of VHDL port 'a' [C:/Users/jungh/vivado_jungho/DECONV_renamed/DECONV_renamed.srcs/sources_1/new/deconv_PE.v:162]
WARNING: [VRFC 10-8864] concatenation with an unsized literal will be treated as 32 bits [C:/Users/jungh/vivado_jungho/DECONV_renamed/DECONV_renamed.srcs/sources_1/new/deconv_PE.v:173]
WARNING: [VRFC 10-9380] size mismatch in mixed-language port association of VHDL port 'a' [C:/Users/jungh/vivado_jungho/DECONV_renamed/DECONV_renamed.srcs/sources_1/new/deconv_PE.v:170]
WARNING: [VRFC 10-8864] concatenation with an unsized literal will be treated as 32 bits [C:/Users/jungh/vivado_jungho/DECONV_renamed/DECONV_renamed.srcs/sources_1/new/deconv_PE.v:181]
WARNING: [VRFC 10-9380] size mismatch in mixed-language port association of VHDL port 'a' [C:/Users/jungh/vivado_jungho/DECONV_renamed/DECONV_renamed.srcs/sources_1/new/deconv_PE.v:178]
WARNING: [VRFC 10-8864] concatenation with an unsized literal will be treated as 32 bits [C:/Users/jungh/vivado_jungho/DECONV_renamed/DECONV_renamed.srcs/sources_1/new/deconv_PE.v:189]
WARNING: [VRFC 10-9380] size mismatch in mixed-language port association of VHDL port 'a' [C:/Users/jungh/vivado_jungho/DECONV_renamed/DECONV_renamed.srcs/sources_1/new/deconv_PE.v:186]
WARNING: [VRFC 10-8864] concatenation with an unsized literal will be treated as 32 bits [C:/Users/jungh/vivado_jungho/DECONV_renamed/DECONV_renamed.srcs/sources_1/new/deconv_PE.v:197]
WARNING: [VRFC 10-9380] size mismatch in mixed-language port association of VHDL port 'a' [C:/Users/jungh/vivado_jungho/DECONV_renamed/DECONV_renamed.srcs/sources_1/new/deconv_PE.v:194]
WARNING: [VRFC 10-8864] concatenation with an unsized literal will be treated as 32 bits [C:/Users/jungh/vivado_jungho/DECONV_renamed/DECONV_renamed.srcs/sources_1/new/deconv_PE.v:205]
WARNING: [VRFC 10-9380] size mismatch in mixed-language port association of VHDL port 'a' [C:/Users/jungh/vivado_jungho/DECONV_renamed/DECONV_renamed.srcs/sources_1/new/deconv_PE.v:202]
WARNING: [VRFC 10-8864] concatenation with an unsized literal will be treated as 32 bits [C:/Users/jungh/vivado_jungho/DECONV_renamed/DECONV_renamed.srcs/sources_1/new/deconv_PE.v:213]
WARNING: [VRFC 10-9380] size mismatch in mixed-language port association of VHDL port 'a' [C:/Users/jungh/vivado_jungho/DECONV_renamed/DECONV_renamed.srcs/sources_1/new/deconv_PE.v:210]
WARNING: [VRFC 10-8864] concatenation with an unsized literal will be treated as 32 bits [C:/Users/jungh/vivado_jungho/DECONV_renamed/DECONV_renamed.srcs/sources_1/new/deconv_PE.v:221]
WARNING: [VRFC 10-9380] size mismatch in mixed-language port association of VHDL port 'a' [C:/Users/jungh/vivado_jungho/DECONV_renamed/DECONV_renamed.srcs/sources_1/new/deconv_PE.v:218]
WARNING: [VRFC 10-8864] concatenation with an unsized literal will be treated as 32 bits [C:/Users/jungh/vivado_jungho/DECONV_renamed/DECONV_renamed.srcs/sources_1/new/deconv_PE.v:229]
WARNING: [VRFC 10-9380] size mismatch in mixed-language port association of VHDL port 'a' [C:/Users/jungh/vivado_jungho/DECONV_renamed/DECONV_renamed.srcs/sources_1/new/deconv_PE.v:226]
WARNING: [VRFC 10-8864] concatenation with an unsized literal will be treated as 32 bits [C:/Users/jungh/vivado_jungho/DECONV_renamed/DECONV_renamed.srcs/sources_1/new/deconv_PE.v:165]
WARNING: [VRFC 10-9380] size mismatch in mixed-language port association of VHDL port 'a' [C:/Users/jungh/vivado_jungho/DECONV_renamed/DECONV_renamed.srcs/sources_1/new/deconv_PE.v:162]
WARNING: [VRFC 10-8864] concatenation with an unsized literal will be treated as 32 bits [C:/Users/jungh/vivado_jungho/DECONV_renamed/DECONV_renamed.srcs/sources_1/new/deconv_PE.v:173]
WARNING: [VRFC 10-9380] size mismatch in mixed-language port association of VHDL port 'a' [C:/Users/jungh/vivado_jungho/DECONV_renamed/DECONV_renamed.srcs/sources_1/new/deconv_PE.v:170]
WARNING: [VRFC 10-8864] concatenation with an unsized literal will be treated as 32 bits [C:/Users/jungh/vivado_jungho/DECONV_renamed/DECONV_renamed.srcs/sources_1/new/deconv_PE.v:181]
WARNING: [VRFC 10-9380] size mismatch in mixed-language port association of VHDL port 'a' [C:/Users/jungh/vivado_jungho/DECONV_renamed/DECONV_renamed.srcs/sources_1/new/deconv_PE.v:178]
WARNING: [VRFC 10-8864] concatenation with an unsized literal will be treated as 32 bits [C:/Users/jungh/vivado_jungho/DECONV_renamed/DECONV_renamed.srcs/sources_1/new/deconv_PE.v:189]
WARNING: [VRFC 10-9380] size mismatch in mixed-language port association of VHDL port 'a' [C:/Users/jungh/vivado_jungho/DECONV_renamed/DECONV_renamed.srcs/sources_1/new/deconv_PE.v:186]
WARNING: [VRFC 10-8864] concatenation with an unsized literal will be treated as 32 bits [C:/Users/jungh/vivado_jungho/DECONV_renamed/DECONV_renamed.srcs/sources_1/new/deconv_PE.v:197]
WARNING: [VRFC 10-9380] size mismatch in mixed-language port association of VHDL port 'a' [C:/Users/jungh/vivado_jungho/DECONV_renamed/DECONV_renamed.srcs/sources_1/new/deconv_PE.v:194]
WARNING: [VRFC 10-8864] concatenation with an unsized literal will be treated as 32 bits [C:/Users/jungh/vivado_jungho/DECONV_renamed/DECONV_renamed.srcs/sources_1/new/deconv_PE.v:205]
WARNING: [VRFC 10-9380] size mismatch in mixed-language port association of VHDL port 'a' [C:/Users/jungh/vivado_jungho/DECONV_renamed/DECONV_renamed.srcs/sources_1/new/deconv_PE.v:202]
WARNING: [VRFC 10-8864] concatenation with an unsized literal will be treated as 32 bits [C:/Users/jungh/vivado_jungho/DECONV_renamed/DECONV_renamed.srcs/sources_1/new/deconv_PE.v:213]
WARNING: [VRFC 10-9380] size mismatch in mixed-language port association of VHDL port 'a' [C:/Users/jungh/vivado_jungho/DECONV_renamed/DECONV_renamed.srcs/sources_1/new/deconv_PE.v:210]
WARNING: [VRFC 10-8864] concatenation with an unsized literal will be treated as 32 bits [C:/Users/jungh/vivado_jungho/DECONV_renamed/DECONV_renamed.srcs/sources_1/new/deconv_PE.v:221]
WARNING: [VRFC 10-9380] size mismatch in mixed-language port association of VHDL port 'a' [C:/Users/jungh/vivado_jungho/DECONV_renamed/DECONV_renamed.srcs/sources_1/new/deconv_PE.v:218]
WARNING: [VRFC 10-8864] concatenation with an unsized literal will be treated as 32 bits [C:/Users/jungh/vivado_jungho/DECONV_renamed/DECONV_renamed.srcs/sources_1/new/deconv_PE.v:229]
WARNING: [VRFC 10-9380] size mismatch in mixed-language port association of VHDL port 'a' [C:/Users/jungh/vivado_jungho/DECONV_renamed/DECONV_renamed.srcs/sources_1/new/deconv_PE.v:226]
WARNING: [VRFC 10-8864] concatenation with an unsized literal will be treated as 32 bits [C:/Users/jungh/vivado_jungho/DECONV_renamed/DECONV_renamed.srcs/sources_1/new/deconv_PE.v:165]
WARNING: [VRFC 10-9380] size mismatch in mixed-language port association of VHDL port 'a' [C:/Users/jungh/vivado_jungho/DECONV_renamed/DECONV_renamed.srcs/sources_1/new/deconv_PE.v:162]
WARNING: [VRFC 10-8864] concatenation with an unsized literal will be treated as 32 bits [C:/Users/jungh/vivado_jungho/DECONV_renamed/DECONV_renamed.srcs/sources_1/new/deconv_PE.v:173]
WARNING: [VRFC 10-9380] size mismatch in mixed-language port association of VHDL port 'a' [C:/Users/jungh/vivado_jungho/DECONV_renamed/DECONV_renamed.srcs/sources_1/new/deconv_PE.v:170]
WARNING: [VRFC 10-8864] concatenation with an unsized literal will be treated as 32 bits [C:/Users/jungh/vivado_jungho/DECONV_renamed/DECONV_renamed.srcs/sources_1/new/deconv_PE.v:181]
WARNING: [VRFC 10-9380] size mismatch in mixed-language port association of VHDL port 'a' [C:/Users/jungh/vivado_jungho/DECONV_renamed/DECONV_renamed.srcs/sources_1/new/deconv_PE.v:178]
WARNING: [VRFC 10-8864] concatenation with an unsized literal will be treated as 32 bits [C:/Users/jungh/vivado_jungho/DECONV_renamed/DECONV_renamed.srcs/sources_1/new/deconv_PE.v:189]
WARNING: [VRFC 10-9380] size mismatch in mixed-language port association of VHDL port 'a' [C:/Users/jungh/vivado_jungho/DECONV_renamed/DECONV_renamed.srcs/sources_1/new/deconv_PE.v:186]
WARNING: [VRFC 10-8864] concatenation with an unsized literal will be treated as 32 bits [C:/Users/jungh/vivado_jungho/DECONV_renamed/DECONV_renamed.srcs/sources_1/new/deconv_PE.v:197]
WARNING: [VRFC 10-9380] size mismatch in mixed-language port association of VHDL port 'a' [C:/Users/jungh/vivado_jungho/DECONV_renamed/DECONV_renamed.srcs/sources_1/new/deconv_PE.v:194]
WARNING: [VRFC 10-8864] concatenation with an unsized literal will be treated as 32 bits [C:/Users/jungh/vivado_jungho/DECONV_renamed/DECONV_renamed.srcs/sources_1/new/deconv_PE.v:205]
WARNING: [VRFC 10-9380] size mismatch in mixed-language port association of VHDL port 'a' [C:/Users/jungh/vivado_jungho/DECONV_renamed/DECONV_renamed.srcs/sources_1/new/deconv_PE.v:202]
WARNING: [VRFC 10-8864] concatenation with an unsized literal will be treated as 32 bits [C:/Users/jungh/vivado_jungho/DECONV_renamed/DECONV_renamed.srcs/sources_1/new/deconv_PE.v:213]
WARNING: [VRFC 10-9380] size mismatch in mixed-language port association of VHDL port 'a' [C:/Users/jungh/vivado_jungho/DECONV_renamed/DECONV_renamed.srcs/sources_1/new/deconv_PE.v:210]
WARNING: [VRFC 10-8864] concatenation with an unsized literal will be treated as 32 bits [C:/Users/jungh/vivado_jungho/DECONV_renamed/DECONV_renamed.srcs/sources_1/new/deconv_PE.v:221]
WARNING: [VRFC 10-9380] size mismatch in mixed-language port association of VHDL port 'a' [C:/Users/jungh/vivado_jungho/DECONV_renamed/DECONV_renamed.srcs/sources_1/new/deconv_PE.v:218]
WARNING: [VRFC 10-8864] concatenation with an unsized literal will be treated as 32 bits [C:/Users/jungh/vivado_jungho/DECONV_renamed/DECONV_renamed.srcs/sources_1/new/deconv_PE.v:229]
WARNING: [VRFC 10-9380] size mismatch in mixed-language port association of VHDL port 'a' [C:/Users/jungh/vivado_jungho/DECONV_renamed/DECONV_renamed.srcs/sources_1/new/deconv_PE.v:226]
WARNING: [VRFC 10-8864] concatenation with an unsized literal will be treated as 32 bits [C:/Users/jungh/vivado_jungho/DECONV_renamed/DECONV_renamed.srcs/sources_1/new/deconv_PE.v:165]
WARNING: [VRFC 10-9380] size mismatch in mixed-language port association of VHDL port 'a' [C:/Users/jungh/vivado_jungho/DECONV_renamed/DECONV_renamed.srcs/sources_1/new/deconv_PE.v:162]
WARNING: [VRFC 10-8864] concatenation with an unsized literal will be treated as 32 bits [C:/Users/jungh/vivado_jungho/DECONV_renamed/DECONV_renamed.srcs/sources_1/new/deconv_PE.v:173]
WARNING: [VRFC 10-9380] size mismatch in mixed-language port association of VHDL port 'a' [C:/Users/jungh/vivado_jungho/DECONV_renamed/DECONV_renamed.srcs/sources_1/new/deconv_PE.v:170]
WARNING: [VRFC 10-8864] concatenation with an unsized literal will be treated as 32 bits [C:/Users/jungh/vivado_jungho/DECONV_renamed/DECONV_renamed.srcs/sources_1/new/deconv_PE.v:181]
WARNING: [VRFC 10-9380] size mismatch in mixed-language port association of VHDL port 'a' [C:/Users/jungh/vivado_jungho/DECONV_renamed/DECONV_renamed.srcs/sources_1/new/deconv_PE.v:178]
WARNING: [VRFC 10-8864] concatenation with an unsized literal will be treated as 32 bits [C:/Users/jungh/vivado_jungho/DECONV_renamed/DECONV_renamed.srcs/sources_1/new/deconv_PE.v:189]
WARNING: [VRFC 10-9380] size mismatch in mixed-language port association of VHDL port 'a' [C:/Users/jungh/vivado_jungho/DECONV_renamed/DECONV_renamed.srcs/sources_1/new/deconv_PE.v:186]
WARNING: [VRFC 10-8864] concatenation with an unsized literal will be treated as 32 bits [C:/Users/jungh/vivado_jungho/DECONV_renamed/DECONV_renamed.srcs/sources_1/new/deconv_PE.v:197]
WARNING: [VRFC 10-9380] size mismatch in mixed-language port association of VHDL port 'a' [C:/Users/jungh/vivado_jungho/DECONV_renamed/DECONV_renamed.srcs/sources_1/new/deconv_PE.v:194]
WARNING: [VRFC 10-8864] concatenation with an unsized literal will be treated as 32 bits [C:/Users/jungh/vivado_jungho/DECONV_renamed/DECONV_renamed.srcs/sources_1/new/deconv_PE.v:205]
WARNING: [VRFC 10-9380] size mismatch in mixed-language port association of VHDL port 'a' [C:/Users/jungh/vivado_jungho/DECONV_renamed/DECONV_renamed.srcs/sources_1/new/deconv_PE.v:202]
WARNING: [VRFC 10-8864] concatenation with an unsized literal will be treated as 32 bits [C:/Users/jungh/vivado_jungho/DECONV_renamed/DECONV_renamed.srcs/sources_1/new/deconv_PE.v:213]
WARNING: [VRFC 10-9380] size mismatch in mixed-language port association of VHDL port 'a' [C:/Users/jungh/vivado_jungho/DECONV_renamed/DECONV_renamed.srcs/sources_1/new/deconv_PE.v:210]
WARNING: [VRFC 10-8864] concatenation with an unsized literal will be treated as 32 bits [C:/Users/jungh/vivado_jungho/DECONV_renamed/DECONV_renamed.srcs/sources_1/new/deconv_PE.v:221]
WARNING: [VRFC 10-9380] size mismatch in mixed-language port association of VHDL port 'a' [C:/Users/jungh/vivado_jungho/DECONV_renamed/DECONV_renamed.srcs/sources_1/new/deconv_PE.v:218]
WARNING: [VRFC 10-8864] concatenation with an unsized literal will be treated as 32 bits [C:/Users/jungh/vivado_jungho/DECONV_renamed/DECONV_renamed.srcs/sources_1/new/deconv_PE.v:229]
WARNING: [VRFC 10-9380] size mismatch in mixed-language port association of VHDL port 'a' [C:/Users/jungh/vivado_jungho/DECONV_renamed/DECONV_renamed.srcs/sources_1/new/deconv_PE.v:226]
WARNING: [VRFC 10-8864] concatenation with an unsized literal will be treated as 32 bits [C:/Users/jungh/vivado_jungho/DECONV_renamed/DECONV_renamed.srcs/sources_1/new/deconv_PE.v:165]
WARNING: [VRFC 10-9380] size mismatch in mixed-language port association of VHDL port 'a' [C:/Users/jungh/vivado_jungho/DECONV_renamed/DECONV_renamed.srcs/sources_1/new/deconv_PE.v:162]
WARNING: [VRFC 10-8864] concatenation with an unsized literal will be treated as 32 bits [C:/Users/jungh/vivado_jungho/DECONV_renamed/DECONV_renamed.srcs/sources_1/new/deconv_PE.v:173]
WARNING: [VRFC 10-9380] size mismatch in mixed-language port association of VHDL port 'a' [C:/Users/jungh/vivado_jungho/DECONV_renamed/DECONV_renamed.srcs/sources_1/new/deconv_PE.v:170]
WARNING: [VRFC 10-8864] concatenation with an unsized literal will be treated as 32 bits [C:/Users/jungh/vivado_jungho/DECONV_renamed/DECONV_renamed.srcs/sources_1/new/deconv_PE.v:181]
WARNING: [VRFC 10-9380] size mismatch in mixed-language port association of VHDL port 'a' [C:/Users/jungh/vivado_jungho/DECONV_renamed/DECONV_renamed.srcs/sources_1/new/deconv_PE.v:178]
WARNING: [VRFC 10-8864] concatenation with an unsized literal will be treated as 32 bits [C:/Users/jungh/vivado_jungho/DECONV_renamed/DECONV_renamed.srcs/sources_1/new/deconv_PE.v:189]
WARNING: [VRFC 10-9380] size mismatch in mixed-language port association of VHDL port 'a' [C:/Users/jungh/vivado_jungho/DECONV_renamed/DECONV_renamed.srcs/sources_1/new/deconv_PE.v:186]
WARNING: [VRFC 10-8864] concatenation with an unsized literal will be treated as 32 bits [C:/Users/jungh/vivado_jungho/DECONV_renamed/DECONV_renamed.srcs/sources_1/new/deconv_PE.v:197]
WARNING: [VRFC 10-9380] size mismatch in mixed-language port association of VHDL port 'a' [C:/Users/jungh/vivado_jungho/DECONV_renamed/DECONV_renamed.srcs/sources_1/new/deconv_PE.v:194]
WARNING: [VRFC 10-8864] concatenation with an unsized literal will be treated as 32 bits [C:/Users/jungh/vivado_jungho/DECONV_renamed/DECONV_renamed.srcs/sources_1/new/deconv_PE.v:205]
WARNING: [VRFC 10-9380] size mismatch in mixed-language port association of VHDL port 'a' [C:/Users/jungh/vivado_jungho/DECONV_renamed/DECONV_renamed.srcs/sources_1/new/deconv_PE.v:202]
WARNING: [VRFC 10-8864] concatenation with an unsized literal will be treated as 32 bits [C:/Users/jungh/vivado_jungho/DECONV_renamed/DECONV_renamed.srcs/sources_1/new/deconv_PE.v:213]
WARNING: [VRFC 10-9380] size mismatch in mixed-language port association of VHDL port 'a' [C:/Users/jungh/vivado_jungho/DECONV_renamed/DECONV_renamed.srcs/sources_1/new/deconv_PE.v:210]
WARNING: [VRFC 10-8864] concatenation with an unsized literal will be treated as 32 bits [C:/Users/jungh/vivado_jungho/DECONV_renamed/DECONV_renamed.srcs/sources_1/new/deconv_PE.v:221]
WARNING: [VRFC 10-9380] size mismatch in mixed-language port association of VHDL port 'a' [C:/Users/jungh/vivado_jungho/DECONV_renamed/DECONV_renamed.srcs/sources_1/new/deconv_PE.v:218]
WARNING: [VRFC 10-8864] concatenation with an unsized literal will be treated as 32 bits [C:/Users/jungh/vivado_jungho/DECONV_renamed/DECONV_renamed.srcs/sources_1/new/deconv_PE.v:229]
WARNING: [VRFC 10-9380] size mismatch in mixed-language port association of VHDL port 'a' [C:/Users/jungh/vivado_jungho/DECONV_renamed/DECONV_renamed.srcs/sources_1/new/deconv_PE.v:226]
WARNING: [VRFC 10-8864] concatenation with an unsized literal will be treated as 32 bits [C:/Users/jungh/vivado_jungho/DECONV_renamed/DECONV_renamed.srcs/sources_1/new/deconv_PE.v:165]
WARNING: [VRFC 10-9380] size mismatch in mixed-language port association of VHDL port 'a' [C:/Users/jungh/vivado_jungho/DECONV_renamed/DECONV_renamed.srcs/sources_1/new/deconv_PE.v:162]
WARNING: [VRFC 10-8864] concatenation with an unsized literal will be treated as 32 bits [C:/Users/jungh/vivado_jungho/DECONV_renamed/DECONV_renamed.srcs/sources_1/new/deconv_PE.v:173]
WARNING: [VRFC 10-9380] size mismatch in mixed-language port association of VHDL port 'a' [C:/Users/jungh/vivado_jungho/DECONV_renamed/DECONV_renamed.srcs/sources_1/new/deconv_PE.v:170]
WARNING: [VRFC 10-8864] concatenation with an unsized literal will be treated as 32 bits [C:/Users/jungh/vivado_jungho/DECONV_renamed/DECONV_renamed.srcs/sources_1/new/deconv_PE.v:181]
WARNING: [VRFC 10-9380] size mismatch in mixed-language port association of VHDL port 'a' [C:/Users/jungh/vivado_jungho/DECONV_renamed/DECONV_renamed.srcs/sources_1/new/deconv_PE.v:178]
WARNING: [VRFC 10-8864] concatenation with an unsized literal will be treated as 32 bits [C:/Users/jungh/vivado_jungho/DECONV_renamed/DECONV_renamed.srcs/sources_1/new/deconv_PE.v:189]
WARNING: [VRFC 10-9380] size mismatch in mixed-language port association of VHDL port 'a' [C:/Users/jungh/vivado_jungho/DECONV_renamed/DECONV_renamed.srcs/sources_1/new/deconv_PE.v:186]
WARNING: [VRFC 10-8864] concatenation with an unsized literal will be treated as 32 bits [C:/Users/jungh/vivado_jungho/DECONV_renamed/DECONV_renamed.srcs/sources_1/new/deconv_PE.v:197]
WARNING: [VRFC 10-9380] size mismatch in mixed-language port association of VHDL port 'a' [C:/Users/jungh/vivado_jungho/DECONV_renamed/DECONV_renamed.srcs/sources_1/new/deconv_PE.v:194]
WARNING: [VRFC 10-8864] concatenation with an unsized literal will be treated as 32 bits [C:/Users/jungh/vivado_jungho/DECONV_renamed/DECONV_renamed.srcs/sources_1/new/deconv_PE.v:205]
WARNING: [VRFC 10-9380] size mismatch in mixed-language port association of VHDL port 'a' [C:/Users/jungh/vivado_jungho/DECONV_renamed/DECONV_renamed.srcs/sources_1/new/deconv_PE.v:202]
WARNING: [VRFC 10-8864] concatenation with an unsized literal will be treated as 32 bits [C:/Users/jungh/vivado_jungho/DECONV_renamed/DECONV_renamed.srcs/sources_1/new/deconv_PE.v:213]
WARNING: [VRFC 10-9380] size mismatch in mixed-language port association of VHDL port 'a' [C:/Users/jungh/vivado_jungho/DECONV_renamed/DECONV_renamed.srcs/sources_1/new/deconv_PE.v:210]
WARNING: [VRFC 10-8864] concatenation with an unsized literal will be treated as 32 bits [C:/Users/jungh/vivado_jungho/DECONV_renamed/DECONV_renamed.srcs/sources_1/new/deconv_PE.v:221]
WARNING: [VRFC 10-9380] size mismatch in mixed-language port association of VHDL port 'a' [C:/Users/jungh/vivado_jungho/DECONV_renamed/DECONV_renamed.srcs/sources_1/new/deconv_PE.v:218]
WARNING: [VRFC 10-8864] concatenation with an unsized literal will be treated as 32 bits [C:/Users/jungh/vivado_jungho/DECONV_renamed/DECONV_renamed.srcs/sources_1/new/deconv_PE.v:229]
WARNING: [VRFC 10-9380] size mismatch in mixed-language port association of VHDL port 'a' [C:/Users/jungh/vivado_jungho/DECONV_renamed/DECONV_renamed.srcs/sources_1/new/deconv_PE.v:226]
WARNING: [VRFC 10-8864] concatenation with an unsized literal will be treated as 32 bits [C:/Users/jungh/vivado_jungho/DECONV_renamed/DECONV_renamed.srcs/sources_1/new/deconv_PE.v:165]
WARNING: [VRFC 10-9380] size mismatch in mixed-language port association of VHDL port 'a' [C:/Users/jungh/vivado_jungho/DECONV_renamed/DECONV_renamed.srcs/sources_1/new/deconv_PE.v:162]
WARNING: [VRFC 10-8864] concatenation with an unsized literal will be treated as 32 bits [C:/Users/jungh/vivado_jungho/DECONV_renamed/DECONV_renamed.srcs/sources_1/new/deconv_PE.v:173]
WARNING: [VRFC 10-9380] size mismatch in mixed-language port association of VHDL port 'a' [C:/Users/jungh/vivado_jungho/DECONV_renamed/DECONV_renamed.srcs/sources_1/new/deconv_PE.v:170]
WARNING: [VRFC 10-8864] concatenation with an unsized literal will be treated as 32 bits [C:/Users/jungh/vivado_jungho/DECONV_renamed/DECONV_renamed.srcs/sources_1/new/deconv_PE.v:181]
WARNING: [VRFC 10-9380] size mismatch in mixed-language port association of VHDL port 'a' [C:/Users/jungh/vivado_jungho/DECONV_renamed/DECONV_renamed.srcs/sources_1/new/deconv_PE.v:178]
WARNING: [VRFC 10-8864] concatenation with an unsized literal will be treated as 32 bits [C:/Users/jungh/vivado_jungho/DECONV_renamed/DECONV_renamed.srcs/sources_1/new/deconv_PE.v:189]
WARNING: [VRFC 10-9380] size mismatch in mixed-language port association of VHDL port 'a' [C:/Users/jungh/vivado_jungho/DECONV_renamed/DECONV_renamed.srcs/sources_1/new/deconv_PE.v:186]
WARNING: [VRFC 10-8864] concatenation with an unsized literal will be treated as 32 bits [C:/Users/jungh/vivado_jungho/DECONV_renamed/DECONV_renamed.srcs/sources_1/new/deconv_PE.v:197]
WARNING: [VRFC 10-9380] size mismatch in mixed-language port association of VHDL port 'a' [C:/Users/jungh/vivado_jungho/DECONV_renamed/DECONV_renamed.srcs/sources_1/new/deconv_PE.v:194]
WARNING: [VRFC 10-8864] concatenation with an unsized literal will be treated as 32 bits [C:/Users/jungh/vivado_jungho/DECONV_renamed/DECONV_renamed.srcs/sources_1/new/deconv_PE.v:205]
WARNING: [VRFC 10-9380] size mismatch in mixed-language port association of VHDL port 'a' [C:/Users/jungh/vivado_jungho/DECONV_renamed/DECONV_renamed.srcs/sources_1/new/deconv_PE.v:202]
WARNING: [VRFC 10-8864] concatenation with an unsized literal will be treated as 32 bits [C:/Users/jungh/vivado_jungho/DECONV_renamed/DECONV_renamed.srcs/sources_1/new/deconv_PE.v:213]
WARNING: [VRFC 10-9380] size mismatch in mixed-language port association of VHDL port 'a' [C:/Users/jungh/vivado_jungho/DECONV_renamed/DECONV_renamed.srcs/sources_1/new/deconv_PE.v:210]
WARNING: [VRFC 10-8864] concatenation with an unsized literal will be treated as 32 bits [C:/Users/jungh/vivado_jungho/DECONV_renamed/DECONV_renamed.srcs/sources_1/new/deconv_PE.v:221]
WARNING: [VRFC 10-9380] size mismatch in mixed-language port association of VHDL port 'a' [C:/Users/jungh/vivado_jungho/DECONV_renamed/DECONV_renamed.srcs/sources_1/new/deconv_PE.v:218]
WARNING: [VRFC 10-8864] concatenation with an unsized literal will be treated as 32 bits [C:/Users/jungh/vivado_jungho/DECONV_renamed/DECONV_renamed.srcs/sources_1/new/deconv_PE.v:229]
WARNING: [VRFC 10-9380] size mismatch in mixed-language port association of VHDL port 'a' [C:/Users/jungh/vivado_jungho/DECONV_renamed/DECONV_renamed.srcs/sources_1/new/deconv_PE.v:226]
WARNING: [VRFC 10-8864] concatenation with an unsized literal will be treated as 32 bits [C:/Users/jungh/vivado_jungho/DECONV_renamed/DECONV_renamed.srcs/sources_1/new/deconv_PE.v:165]
WARNING: [VRFC 10-9380] size mismatch in mixed-language port association of VHDL port 'a' [C:/Users/jungh/vivado_jungho/DECONV_renamed/DECONV_renamed.srcs/sources_1/new/deconv_PE.v:162]
WARNING: [VRFC 10-8864] concatenation with an unsized literal will be treated as 32 bits [C:/Users/jungh/vivado_jungho/DECONV_renamed/DECONV_renamed.srcs/sources_1/new/deconv_PE.v:173]
WARNING: [VRFC 10-9380] size mismatch in mixed-language port association of VHDL port 'a' [C:/Users/jungh/vivado_jungho/DECONV_renamed/DECONV_renamed.srcs/sources_1/new/deconv_PE.v:170]
WARNING: [VRFC 10-8864] concatenation with an unsized literal will be treated as 32 bits [C:/Users/jungh/vivado_jungho/DECONV_renamed/DECONV_renamed.srcs/sources_1/new/deconv_PE.v:181]
WARNING: [VRFC 10-9380] size mismatch in mixed-language port association of VHDL port 'a' [C:/Users/jungh/vivado_jungho/DECONV_renamed/DECONV_renamed.srcs/sources_1/new/deconv_PE.v:178]
WARNING: [VRFC 10-8864] concatenation with an unsized literal will be treated as 32 bits [C:/Users/jungh/vivado_jungho/DECONV_renamed/DECONV_renamed.srcs/sources_1/new/deconv_PE.v:189]
WARNING: [VRFC 10-9380] size mismatch in mixed-language port association of VHDL port 'a' [C:/Users/jungh/vivado_jungho/DECONV_renamed/DECONV_renamed.srcs/sources_1/new/deconv_PE.v:186]
WARNING: [VRFC 10-8864] concatenation with an unsized literal will be treated as 32 bits [C:/Users/jungh/vivado_jungho/DECONV_renamed/DECONV_renamed.srcs/sources_1/new/deconv_PE.v:197]
WARNING: [VRFC 10-9380] size mismatch in mixed-language port association of VHDL port 'a' [C:/Users/jungh/vivado_jungho/DECONV_renamed/DECONV_renamed.srcs/sources_1/new/deconv_PE.v:194]
WARNING: [VRFC 10-8864] concatenation with an unsized literal will be treated as 32 bits [C:/Users/jungh/vivado_jungho/DECONV_renamed/DECONV_renamed.srcs/sources_1/new/deconv_PE.v:205]
WARNING: [VRFC 10-9380] size mismatch in mixed-language port association of VHDL port 'a' [C:/Users/jungh/vivado_jungho/DECONV_renamed/DECONV_renamed.srcs/sources_1/new/deconv_PE.v:202]
WARNING: [VRFC 10-8864] concatenation with an unsized literal will be treated as 32 bits [C:/Users/jungh/vivado_jungho/DECONV_renamed/DECONV_renamed.srcs/sources_1/new/deconv_PE.v:213]
WARNING: [VRFC 10-9380] size mismatch in mixed-language port association of VHDL port 'a' [C:/Users/jungh/vivado_jungho/DECONV_renamed/DECONV_renamed.srcs/sources_1/new/deconv_PE.v:210]
WARNING: [VRFC 10-8864] concatenation with an unsized literal will be treated as 32 bits [C:/Users/jungh/vivado_jungho/DECONV_renamed/DECONV_renamed.srcs/sources_1/new/deconv_PE.v:221]
WARNING: [VRFC 10-9380] size mismatch in mixed-language port association of VHDL port 'a' [C:/Users/jungh/vivado_jungho/DECONV_renamed/DECONV_renamed.srcs/sources_1/new/deconv_PE.v:218]
WARNING: [VRFC 10-8864] concatenation with an unsized literal will be treated as 32 bits [C:/Users/jungh/vivado_jungho/DECONV_renamed/DECONV_renamed.srcs/sources_1/new/deconv_PE.v:229]
WARNING: [VRFC 10-9380] size mismatch in mixed-language port association of VHDL port 'a' [C:/Users/jungh/vivado_jungho/DECONV_renamed/DECONV_renamed.srcs/sources_1/new/deconv_PE.v:226]
WARNING: [VRFC 10-8864] concatenation with an unsized literal will be treated as 32 bits [C:/Users/jungh/vivado_jungho/DECONV_renamed/DECONV_renamed.srcs/sources_1/new/deconv_PE.v:165]
WARNING: [VRFC 10-9380] size mismatch in mixed-language port association of VHDL port 'a' [C:/Users/jungh/vivado_jungho/DECONV_renamed/DECONV_renamed.srcs/sources_1/new/deconv_PE.v:162]
WARNING: [VRFC 10-8864] concatenation with an unsized literal will be treated as 32 bits [C:/Users/jungh/vivado_jungho/DECONV_renamed/DECONV_renamed.srcs/sources_1/new/deconv_PE.v:173]
WARNING: [VRFC 10-9380] size mismatch in mixed-language port association of VHDL port 'a' [C:/Users/jungh/vivado_jungho/DECONV_renamed/DECONV_renamed.srcs/sources_1/new/deconv_PE.v:170]
WARNING: [VRFC 10-8864] concatenation with an unsized literal will be treated as 32 bits [C:/Users/jungh/vivado_jungho/DECONV_renamed/DECONV_renamed.srcs/sources_1/new/deconv_PE.v:181]
WARNING: [VRFC 10-9380] size mismatch in mixed-language port association of VHDL port 'a' [C:/Users/jungh/vivado_jungho/DECONV_renamed/DECONV_renamed.srcs/sources_1/new/deconv_PE.v:178]
WARNING: [VRFC 10-8864] concatenation with an unsized literal will be treated as 32 bits [C:/Users/jungh/vivado_jungho/DECONV_renamed/DECONV_renamed.srcs/sources_1/new/deconv_PE.v:189]
WARNING: [VRFC 10-9380] size mismatch in mixed-language port association of VHDL port 'a' [C:/Users/jungh/vivado_jungho/DECONV_renamed/DECONV_renamed.srcs/sources_1/new/deconv_PE.v:186]
WARNING: [VRFC 10-8864] concatenation with an unsized literal will be treated as 32 bits [C:/Users/jungh/vivado_jungho/DECONV_renamed/DECONV_renamed.srcs/sources_1/new/deconv_PE.v:197]
WARNING: [VRFC 10-9380] size mismatch in mixed-language port association of VHDL port 'a' [C:/Users/jungh/vivado_jungho/DECONV_renamed/DECONV_renamed.srcs/sources_1/new/deconv_PE.v:194]
WARNING: [VRFC 10-8864] concatenation with an unsized literal will be treated as 32 bits [C:/Users/jungh/vivado_jungho/DECONV_renamed/DECONV_renamed.srcs/sources_1/new/deconv_PE.v:205]
WARNING: [VRFC 10-9380] size mismatch in mixed-language port association of VHDL port 'a' [C:/Users/jungh/vivado_jungho/DECONV_renamed/DECONV_renamed.srcs/sources_1/new/deconv_PE.v:202]
WARNING: [VRFC 10-8864] concatenation with an unsized literal will be treated as 32 bits [C:/Users/jungh/vivado_jungho/DECONV_renamed/DECONV_renamed.srcs/sources_1/new/deconv_PE.v:213]
WARNING: [VRFC 10-9380] size mismatch in mixed-language port association of VHDL port 'a' [C:/Users/jungh/vivado_jungho/DECONV_renamed/DECONV_renamed.srcs/sources_1/new/deconv_PE.v:210]
WARNING: [VRFC 10-8864] concatenation with an unsized literal will be treated as 32 bits [C:/Users/jungh/vivado_jungho/DECONV_renamed/DECONV_renamed.srcs/sources_1/new/deconv_PE.v:221]
WARNING: [VRFC 10-9380] size mismatch in mixed-language port association of VHDL port 'a' [C:/Users/jungh/vivado_jungho/DECONV_renamed/DECONV_renamed.srcs/sources_1/new/deconv_PE.v:218]
WARNING: [VRFC 10-8864] concatenation with an unsized literal will be treated as 32 bits [C:/Users/jungh/vivado_jungho/DECONV_renamed/DECONV_renamed.srcs/sources_1/new/deconv_PE.v:229]
WARNING: [VRFC 10-9380] size mismatch in mixed-language port association of VHDL port 'a' [C:/Users/jungh/vivado_jungho/DECONV_renamed/DECONV_renamed.srcs/sources_1/new/deconv_PE.v:226]
WARNING: [VRFC 10-8864] concatenation with an unsized literal will be treated as 32 bits [C:/Users/jungh/vivado_jungho/DECONV_renamed/DECONV_renamed.srcs/sources_1/new/deconv_PE.v:165]
WARNING: [VRFC 10-9380] size mismatch in mixed-language port association of VHDL port 'a' [C:/Users/jungh/vivado_jungho/DECONV_renamed/DECONV_renamed.srcs/sources_1/new/deconv_PE.v:162]
WARNING: [VRFC 10-8864] concatenation with an unsized literal will be treated as 32 bits [C:/Users/jungh/vivado_jungho/DECONV_renamed/DECONV_renamed.srcs/sources_1/new/deconv_PE.v:173]
WARNING: [VRFC 10-9380] size mismatch in mixed-language port association of VHDL port 'a' [C:/Users/jungh/vivado_jungho/DECONV_renamed/DECONV_renamed.srcs/sources_1/new/deconv_PE.v:170]
WARNING: [VRFC 10-8864] concatenation with an unsized literal will be treated as 32 bits [C:/Users/jungh/vivado_jungho/DECONV_renamed/DECONV_renamed.srcs/sources_1/new/deconv_PE.v:181]
WARNING: [VRFC 10-9380] size mismatch in mixed-language port association of VHDL port 'a' [C:/Users/jungh/vivado_jungho/DECONV_renamed/DECONV_renamed.srcs/sources_1/new/deconv_PE.v:178]
WARNING: [VRFC 10-8864] concatenation with an unsized literal will be treated as 32 bits [C:/Users/jungh/vivado_jungho/DECONV_renamed/DECONV_renamed.srcs/sources_1/new/deconv_PE.v:189]
WARNING: [VRFC 10-9380] size mismatch in mixed-language port association of VHDL port 'a' [C:/Users/jungh/vivado_jungho/DECONV_renamed/DECONV_renamed.srcs/sources_1/new/deconv_PE.v:186]
WARNING: [VRFC 10-8864] concatenation with an unsized literal will be treated as 32 bits [C:/Users/jungh/vivado_jungho/DECONV_renamed/DECONV_renamed.srcs/sources_1/new/deconv_PE.v:197]
WARNING: [VRFC 10-9380] size mismatch in mixed-language port association of VHDL port 'a' [C:/Users/jungh/vivado_jungho/DECONV_renamed/DECONV_renamed.srcs/sources_1/new/deconv_PE.v:194]
WARNING: [VRFC 10-8864] concatenation with an unsized literal will be treated as 32 bits [C:/Users/jungh/vivado_jungho/DECONV_renamed/DECONV_renamed.srcs/sources_1/new/deconv_PE.v:205]
WARNING: [VRFC 10-9380] size mismatch in mixed-language port association of VHDL port 'a' [C:/Users/jungh/vivado_jungho/DECONV_renamed/DECONV_renamed.srcs/sources_1/new/deconv_PE.v:202]
WARNING: [VRFC 10-8864] concatenation with an unsized literal will be treated as 32 bits [C:/Users/jungh/vivado_jungho/DECONV_renamed/DECONV_renamed.srcs/sources_1/new/deconv_PE.v:213]
WARNING: [VRFC 10-9380] size mismatch in mixed-language port association of VHDL port 'a' [C:/Users/jungh/vivado_jungho/DECONV_renamed/DECONV_renamed.srcs/sources_1/new/deconv_PE.v:210]
WARNING: [VRFC 10-8864] concatenation with an unsized literal will be treated as 32 bits [C:/Users/jungh/vivado_jungho/DECONV_renamed/DECONV_renamed.srcs/sources_1/new/deconv_PE.v:221]
WARNING: [VRFC 10-9380] size mismatch in mixed-language port association of VHDL port 'a' [C:/Users/jungh/vivado_jungho/DECONV_renamed/DECONV_renamed.srcs/sources_1/new/deconv_PE.v:218]
WARNING: [VRFC 10-8864] concatenation with an unsized literal will be treated as 32 bits [C:/Users/jungh/vivado_jungho/DECONV_renamed/DECONV_renamed.srcs/sources_1/new/deconv_PE.v:229]
WARNING: [VRFC 10-9380] size mismatch in mixed-language port association of VHDL port 'a' [C:/Users/jungh/vivado_jungho/DECONV_renamed/DECONV_renamed.srcs/sources_1/new/deconv_PE.v:226]
WARNING: [VRFC 10-8864] concatenation with an unsized literal will be treated as 32 bits [C:/Users/jungh/vivado_jungho/DECONV_renamed/DECONV_renamed.srcs/sources_1/new/deconv_PE.v:165]
WARNING: [VRFC 10-9380] size mismatch in mixed-language port association of VHDL port 'a' [C:/Users/jungh/vivado_jungho/DECONV_renamed/DECONV_renamed.srcs/sources_1/new/deconv_PE.v:162]
WARNING: [VRFC 10-8864] concatenation with an unsized literal will be treated as 32 bits [C:/Users/jungh/vivado_jungho/DECONV_renamed/DECONV_renamed.srcs/sources_1/new/deconv_PE.v:173]
WARNING: [VRFC 10-9380] size mismatch in mixed-language port association of VHDL port 'a' [C:/Users/jungh/vivado_jungho/DECONV_renamed/DECONV_renamed.srcs/sources_1/new/deconv_PE.v:170]
WARNING: [VRFC 10-8864] concatenation with an unsized literal will be treated as 32 bits [C:/Users/jungh/vivado_jungho/DECONV_renamed/DECONV_renamed.srcs/sources_1/new/deconv_PE.v:181]
WARNING: [VRFC 10-9380] size mismatch in mixed-language port association of VHDL port 'a' [C:/Users/jungh/vivado_jungho/DECONV_renamed/DECONV_renamed.srcs/sources_1/new/deconv_PE.v:178]
WARNING: [VRFC 10-8864] concatenation with an unsized literal will be treated as 32 bits [C:/Users/jungh/vivado_jungho/DECONV_renamed/DECONV_renamed.srcs/sources_1/new/deconv_PE.v:189]
WARNING: [VRFC 10-9380] size mismatch in mixed-language port association of VHDL port 'a' [C:/Users/jungh/vivado_jungho/DECONV_renamed/DECONV_renamed.srcs/sources_1/new/deconv_PE.v:186]
WARNING: [VRFC 10-8864] concatenation with an unsized literal will be treated as 32 bits [C:/Users/jungh/vivado_jungho/DECONV_renamed/DECONV_renamed.srcs/sources_1/new/deconv_PE.v:197]
WARNING: [VRFC 10-9380] size mismatch in mixed-language port association of VHDL port 'a' [C:/Users/jungh/vivado_jungho/DECONV_renamed/DECONV_renamed.srcs/sources_1/new/deconv_PE.v:194]
WARNING: [VRFC 10-8864] concatenation with an unsized literal will be treated as 32 bits [C:/Users/jungh/vivado_jungho/DECONV_renamed/DECONV_renamed.srcs/sources_1/new/deconv_PE.v:205]
WARNING: [VRFC 10-9380] size mismatch in mixed-language port association of VHDL port 'a' [C:/Users/jungh/vivado_jungho/DECONV_renamed/DECONV_renamed.srcs/sources_1/new/deconv_PE.v:202]
WARNING: [VRFC 10-8864] concatenation with an unsized literal will be treated as 32 bits [C:/Users/jungh/vivado_jungho/DECONV_renamed/DECONV_renamed.srcs/sources_1/new/deconv_PE.v:213]
WARNING: [VRFC 10-9380] size mismatch in mixed-language port association of VHDL port 'a' [C:/Users/jungh/vivado_jungho/DECONV_renamed/DECONV_renamed.srcs/sources_1/new/deconv_PE.v:210]
WARNING: [VRFC 10-8864] concatenation with an unsized literal will be treated as 32 bits [C:/Users/jungh/vivado_jungho/DECONV_renamed/DECONV_renamed.srcs/sources_1/new/deconv_PE.v:221]
WARNING: [VRFC 10-9380] size mismatch in mixed-language port association of VHDL port 'a' [C:/Users/jungh/vivado_jungho/DECONV_renamed/DECONV_renamed.srcs/sources_1/new/deconv_PE.v:218]
WARNING: [VRFC 10-8864] concatenation with an unsized literal will be treated as 32 bits [C:/Users/jungh/vivado_jungho/DECONV_renamed/DECONV_renamed.srcs/sources_1/new/deconv_PE.v:229]
WARNING: [VRFC 10-9380] size mismatch in mixed-language port association of VHDL port 'a' [C:/Users/jungh/vivado_jungho/DECONV_renamed/DECONV_renamed.srcs/sources_1/new/deconv_PE.v:226]
WARNING: [VRFC 10-8864] concatenation with an unsized literal will be treated as 32 bits [C:/Users/jungh/vivado_jungho/DECONV_renamed/DECONV_renamed.srcs/sources_1/new/deconv_PE.v:165]
WARNING: [VRFC 10-9380] size mismatch in mixed-language port association of VHDL port 'a' [C:/Users/jungh/vivado_jungho/DECONV_renamed/DECONV_renamed.srcs/sources_1/new/deconv_PE.v:162]
WARNING: [VRFC 10-8864] concatenation with an unsized literal will be treated as 32 bits [C:/Users/jungh/vivado_jungho/DECONV_renamed/DECONV_renamed.srcs/sources_1/new/deconv_PE.v:173]
WARNING: [VRFC 10-9380] size mismatch in mixed-language port association of VHDL port 'a' [C:/Users/jungh/vivado_jungho/DECONV_renamed/DECONV_renamed.srcs/sources_1/new/deconv_PE.v:170]
WARNING: [VRFC 10-8864] concatenation with an unsized literal will be treated as 32 bits [C:/Users/jungh/vivado_jungho/DECONV_renamed/DECONV_renamed.srcs/sources_1/new/deconv_PE.v:181]
WARNING: [VRFC 10-9380] size mismatch in mixed-language port association of VHDL port 'a' [C:/Users/jungh/vivado_jungho/DECONV_renamed/DECONV_renamed.srcs/sources_1/new/deconv_PE.v:178]
WARNING: [VRFC 10-8864] concatenation with an unsized literal will be treated as 32 bits [C:/Users/jungh/vivado_jungho/DECONV_renamed/DECONV_renamed.srcs/sources_1/new/deconv_PE.v:189]
WARNING: [VRFC 10-9380] size mismatch in mixed-language port association of VHDL port 'a' [C:/Users/jungh/vivado_jungho/DECONV_renamed/DECONV_renamed.srcs/sources_1/new/deconv_PE.v:186]
WARNING: [VRFC 10-8864] concatenation with an unsized literal will be treated as 32 bits [C:/Users/jungh/vivado_jungho/DECONV_renamed/DECONV_renamed.srcs/sources_1/new/deconv_PE.v:197]
WARNING: [VRFC 10-9380] size mismatch in mixed-language port association of VHDL port 'a' [C:/Users/jungh/vivado_jungho/DECONV_renamed/DECONV_renamed.srcs/sources_1/new/deconv_PE.v:194]
WARNING: [VRFC 10-8864] concatenation with an unsized literal will be treated as 32 bits [C:/Users/jungh/vivado_jungho/DECONV_renamed/DECONV_renamed.srcs/sources_1/new/deconv_PE.v:205]
WARNING: [VRFC 10-9380] size mismatch in mixed-language port association of VHDL port 'a' [C:/Users/jungh/vivado_jungho/DECONV_renamed/DECONV_renamed.srcs/sources_1/new/deconv_PE.v:202]
WARNING: [VRFC 10-8864] concatenation with an unsized literal will be treated as 32 bits [C:/Users/jungh/vivado_jungho/DECONV_renamed/DECONV_renamed.srcs/sources_1/new/deconv_PE.v:213]
WARNING: [VRFC 10-9380] size mismatch in mixed-language port association of VHDL port 'a' [C:/Users/jungh/vivado_jungho/DECONV_renamed/DECONV_renamed.srcs/sources_1/new/deconv_PE.v:210]
WARNING: [VRFC 10-8864] concatenation with an unsized literal will be treated as 32 bits [C:/Users/jungh/vivado_jungho/DECONV_renamed/DECONV_renamed.srcs/sources_1/new/deconv_PE.v:221]
WARNING: [VRFC 10-9380] size mismatch in mixed-language port association of VHDL port 'a' [C:/Users/jungh/vivado_jungho/DECONV_renamed/DECONV_renamed.srcs/sources_1/new/deconv_PE.v:218]
WARNING: [VRFC 10-8864] concatenation with an unsized literal will be treated as 32 bits [C:/Users/jungh/vivado_jungho/DECONV_renamed/DECONV_renamed.srcs/sources_1/new/deconv_PE.v:229]
WARNING: [VRFC 10-9380] size mismatch in mixed-language port association of VHDL port 'a' [C:/Users/jungh/vivado_jungho/DECONV_renamed/DECONV_renamed.srcs/sources_1/new/deconv_PE.v:226]
WARNING: [VRFC 10-8864] concatenation with an unsized literal will be treated as 32 bits [C:/Users/jungh/vivado_jungho/DECONV_renamed/DECONV_renamed.srcs/sources_1/new/deconv_PE.v:165]
WARNING: [VRFC 10-9380] size mismatch in mixed-language port association of VHDL port 'a' [C:/Users/jungh/vivado_jungho/DECONV_renamed/DECONV_renamed.srcs/sources_1/new/deconv_PE.v:162]
WARNING: [VRFC 10-8864] concatenation with an unsized literal will be treated as 32 bits [C:/Users/jungh/vivado_jungho/DECONV_renamed/DECONV_renamed.srcs/sources_1/new/deconv_PE.v:173]
WARNING: [VRFC 10-9380] size mismatch in mixed-language port association of VHDL port 'a' [C:/Users/jungh/vivado_jungho/DECONV_renamed/DECONV_renamed.srcs/sources_1/new/deconv_PE.v:170]
WARNING: [VRFC 10-8864] concatenation with an unsized literal will be treated as 32 bits [C:/Users/jungh/vivado_jungho/DECONV_renamed/DECONV_renamed.srcs/sources_1/new/deconv_PE.v:181]
WARNING: [VRFC 10-9380] size mismatch in mixed-language port association of VHDL port 'a' [C:/Users/jungh/vivado_jungho/DECONV_renamed/DECONV_renamed.srcs/sources_1/new/deconv_PE.v:178]
WARNING: [VRFC 10-8864] concatenation with an unsized literal will be treated as 32 bits [C:/Users/jungh/vivado_jungho/DECONV_renamed/DECONV_renamed.srcs/sources_1/new/deconv_PE.v:189]
WARNING: [VRFC 10-9380] size mismatch in mixed-language port association of VHDL port 'a' [C:/Users/jungh/vivado_jungho/DECONV_renamed/DECONV_renamed.srcs/sources_1/new/deconv_PE.v:186]
WARNING: [VRFC 10-8864] concatenation with an unsized literal will be treated as 32 bits [C:/Users/jungh/vivado_jungho/DECONV_renamed/DECONV_renamed.srcs/sources_1/new/deconv_PE.v:197]
WARNING: [VRFC 10-9380] size mismatch in mixed-language port association of VHDL port 'a' [C:/Users/jungh/vivado_jungho/DECONV_renamed/DECONV_renamed.srcs/sources_1/new/deconv_PE.v:194]
WARNING: [VRFC 10-8864] concatenation with an unsized literal will be treated as 32 bits [C:/Users/jungh/vivado_jungho/DECONV_renamed/DECONV_renamed.srcs/sources_1/new/deconv_PE.v:205]
WARNING: [VRFC 10-9380] size mismatch in mixed-language port association of VHDL port 'a' [C:/Users/jungh/vivado_jungho/DECONV_renamed/DECONV_renamed.srcs/sources_1/new/deconv_PE.v:202]
WARNING: [VRFC 10-8864] concatenation with an unsized literal will be treated as 32 bits [C:/Users/jungh/vivado_jungho/DECONV_renamed/DECONV_renamed.srcs/sources_1/new/deconv_PE.v:213]
WARNING: [VRFC 10-9380] size mismatch in mixed-language port association of VHDL port 'a' [C:/Users/jungh/vivado_jungho/DECONV_renamed/DECONV_renamed.srcs/sources_1/new/deconv_PE.v:210]
WARNING: [VRFC 10-8864] concatenation with an unsized literal will be treated as 32 bits [C:/Users/jungh/vivado_jungho/DECONV_renamed/DECONV_renamed.srcs/sources_1/new/deconv_PE.v:221]
WARNING: [VRFC 10-9380] size mismatch in mixed-language port association of VHDL port 'a' [C:/Users/jungh/vivado_jungho/DECONV_renamed/DECONV_renamed.srcs/sources_1/new/deconv_PE.v:218]
WARNING: [VRFC 10-8864] concatenation with an unsized literal will be treated as 32 bits [C:/Users/jungh/vivado_jungho/DECONV_renamed/DECONV_renamed.srcs/sources_1/new/deconv_PE.v:229]
WARNING: [VRFC 10-9380] size mismatch in mixed-language port association of VHDL port 'a' [C:/Users/jungh/vivado_jungho/DECONV_renamed/DECONV_renamed.srcs/sources_1/new/deconv_PE.v:226]
WARNING: [VRFC 10-8864] concatenation with an unsized literal will be treated as 32 bits [C:/Users/jungh/vivado_jungho/DECONV_renamed/DECONV_renamed.srcs/sources_1/new/deconv_PE.v:165]
WARNING: [VRFC 10-8864] concatenation with an unsized literal will be treated as 32 bits [C:/Users/jungh/vivado_jungho/DECONV_renamed/DECONV_renamed.srcs/sources_1/new/deconv_PE.v:173]
WARNING: [VRFC 10-8864] concatenation with an unsized literal will be treated as 32 bits [C:/Users/jungh/vivado_jungho/DECONV_renamed/DECONV_renamed.srcs/sources_1/new/deconv_PE.v:181]
WARNING: [VRFC 10-8864] concatenation with an unsized literal will be treated as 32 bits [C:/Users/jungh/vivado_jungho/DECONV_renamed/DECONV_renamed.srcs/sources_1/new/deconv_PE.v:189]
WARNING: [VRFC 10-8864] concatenation with an unsized literal will be treated as 32 bits [C:/Users/jungh/vivado_jungho/DECONV_renamed/DECONV_renamed.srcs/sources_1/new/deconv_PE.v:197]
WARNING: [VRFC 10-8864] concatenation with an unsized literal will be treated as 32 bits [C:/Users/jungh/vivado_jungho/DECONV_renamed/DECONV_renamed.srcs/sources_1/new/deconv_PE.v:205]
WARNING: [VRFC 10-8864] concatenation with an unsized literal will be treated as 32 bits [C:/Users/jungh/vivado_jungho/DECONV_renamed/DECONV_renamed.srcs/sources_1/new/deconv_PE.v:213]
WARNING: [VRFC 10-8864] concatenation with an unsized literal will be treated as 32 bits [C:/Users/jungh/vivado_jungho/DECONV_renamed/DECONV_renamed.srcs/sources_1/new/deconv_PE.v:221]
Completed static elaboration
Starting simulation data flow analysis
Completed simulation data flow analysis
Time Resolution for simulation is 1ps
Compiling package std.standard
Compiling package std.textio
Compiling package ieee.std_logic_1164
Compiling package ieee.numeric_std
Compiling package xbip_utils_v3_0_10.xbip_utils_v3_0_10_pkg
Compiling package dsp_macro_v1_0_2.dsp_macro_v1_0_2_viv_comp
Compiling package dsp_macro_v1_0_2.dsp_macro_v1_0_2_pkg
Compiling package unisim.vcomponents
Compiling package ieee.vital_timing
Compiling package ieee.vital_primitives
Compiling package unisim.vpkg
Compiling architecture synth of entity xbip_pipe_v3_0_6.xbip_pipe_v3_0_6_viv [\xbip_pipe_v3_0_6_viv(c_has_ce=1...]
Compiling architecture synth of entity xbip_pipe_v3_0_6.xbip_pipe_v3_0_6_viv [\xbip_pipe_v3_0_6_viv(c_has_ce=1...]
Compiling architecture dsp48e2_v of entity unisim.DSP48E2 [\DSP48E2(adreg=0,alumodereg=0,ca...]
Compiling architecture synth of entity xbip_dsp48_wrapper_v3_0_4.xbip_dsp48e2_wrapper_v3_0 [\xbip_dsp48e2_wrapper_v3_0(areg=...]
Compiling architecture synth of entity xbip_pipe_v3_0_6.xbip_pipe_v3_0_6_viv [\xbip_pipe_v3_0_6_viv(c_has_ce=1...]
Compiling architecture synth of entity xbip_pipe_v3_0_6.xbip_pipe_v3_0_6_viv [\xbip_pipe_v3_0_6_viv(c_latency=...]
Compiling architecture synth of entity xbip_pipe_v3_0_6.xbip_pipe_v3_0_6_viv [\xbip_pipe_v3_0_6_viv(c_has_ce=1...]
Compiling architecture synth of entity xbip_pipe_v3_0_6.xbip_pipe_v3_0_6_viv [\xbip_pipe_v3_0_6_viv(c_latency=...]
Compiling architecture synth of entity xbip_pipe_v3_0_6.xbip_pipe_v3_0_6_viv [\xbip_pipe_v3_0_6_viv(c_has_ce=1...]
Compiling architecture synth of entity xbip_pipe_v3_0_6.xbip_pipe_v3_0_6_viv [\xbip_pipe_v3_0_6_viv(c_latency=...]
Compiling architecture synth of entity dsp_macro_v1_0_2.dsp_macro_synth [\dsp_macro_synth(c_xdevicefamily...]
Compiling architecture synth of entity dsp_macro_v1_0_2.dsp_macro_v1_0_2_viv [\dsp_macro_v1_0_2_viv(c_xdevicef...]
Compiling architecture xilinx of entity dsp_macro_v1_0_2.dsp_macro_v1_0_2 [\dsp_macro_v1_0_2(c_xdevicefamil...]
Compiling architecture deconv_dsp_macro_1_arch of entity xil_defaultlib.deconv_dsp_macro_1 [deconv_dsp_macro_1_default]
Compiling module xil_defaultlib.deconv_PE
Compiling module xil_defaultlib.deconv_xilinx_true_dual_port_no_...
Compiling module xil_defaultlib.deconv_transposed_weight
Compiling module fifo_generator_v13_2_7.fifo_generator_v13_2_7_bhv_ver_s...
Compiling module fifo_generator_v13_2_7.fifo_generator_v13_2_7_bhv_ver_p...
Compiling module fifo_generator_v13_2_7.fifo_generator_v13_2_7_CONV_VER(...
Compiling module fifo_generator_v13_2_7.fifo_generator_vlog_beh(C_COMMON...
Compiling module xil_defaultlib.deconv_fifo_generator_1
Compiling module xil_defaultlib.deconv_top_default
Compiling module xil_defaultlib.bram_sim(WIDTH=128,DEPTH=57600,I...
Compiling module xil_defaultlib.tb_top
Compiling module xil_defaultlib.glbl
Built simulation snapshot tb_top_behav
