#-----------------------------------------------------------
# Vivado v2022.2 (64-bit)
# SW Build 3671981 on Fri Oct 14 05:00:03 MDT 2022
# IP Build 3669848 on Fri Oct 14 08:30:02 MDT 2022
# Start of session at: Sat May 10 18:43:49 2025
# Process ID: 5764
# Current directory: D:/Capstone/bicubic
# Command line: vivado.exe -gui_launcher_event rodinguilauncherevent16748 D:\Capstone\bicubic\bicubic.xpr
# Log file: D:/Capstone/bicubic/vivado.log
# Journal file: D:/Capstone/bicubic\vivado.jou
# Running On: DESKTOP-DD0PJLS, OS: Windows, CPU Frequency: 3693 MHz, CPU Physical cores: 12, Host memory: 17103 MB
#-----------------------------------------------------------
start_gui
open_project D:/Capstone/bicubic/bicubic.xpr
WARNING: [Board 49-26] cannot add Board Part xilinx.com:vek280_es:part0:1.0 available at C:/Xilinx/Vivado/2022.2/data/xhub/boards/XilinxBoardStore/boards/Xilinx/vek280/es/1.0/board.xml as part xcve2802-vsvh1760-2lp-e-s-es1 specified in board_part file is either invalid or not available
WARNING: [Board 49-26] cannot add Board Part xilinx.com:vhk158_es:part0:1.0 available at C:/Xilinx/Vivado/2022.2/data/xhub/boards/XilinxBoardStore/boards/Xilinx/vhk158/es/1.0/board.xml as part xcvh1582-vsva3697-2mp-e-s-es1 specified in board_part file is either invalid or not available
WARNING: [Board 49-26] cannot add Board Part xilinx.com:vpk120_es:part0:1.2 available at C:/Xilinx/Vivado/2022.2/data/xhub/boards/XilinxBoardStore/boards/Xilinx/vpk120/es/1.2/board.xml as part xcvp1202-vsva2785-2mp-e-s-es1 specified in board_part file is either invalid or not available
WARNING: [Board 49-26] cannot add Board Part xilinx.com:vpk120_es_revb:part0:1.0 available at C:/Xilinx/Vivado/2022.2/data/xhub/boards/XilinxBoardStore/boards/Xilinx/vpk120_revb/es/1.0/board.xml as part xcvp1202-vsva2785-2mp-e-s-es1 specified in board_part file is either invalid or not available
WARNING: [Board 49-26] cannot add Board Part xilinx.com:vpk180_es:part0:1.0 available at C:/Xilinx/Vivado/2022.2/data/xhub/boards/XilinxBoardStore/boards/Xilinx/vpk180/es/1.0/board.xml as part xcvp1802-lsvc4072-2mp-e-s-es1 specified in board_part file is either invalid or not available
WARNING: [Board 49-26] cannot add Board Part xilinx.com:zcu208ld:part0:2.0 available at C:/Xilinx/Vivado/2022.2/data/xhub/boards/XilinxBoardStore/boards/Xilinx/zcu208ld/production/2.0/board.xml as part xczu58dr-fsvg1517-2-i specified in board_part file is either invalid or not available
WARNING: [Board 49-26] cannot add Board Part xilinx.com:zcu216ld:part0:2.0 available at C:/Xilinx/Vivado/2022.2/data/xhub/boards/XilinxBoardStore/boards/Xilinx/zcu216ld/production/2.0/board.xml as part xczu59dr-ffvf1760-2-i specified in board_part file is either invalid or not available
WARNING: [Board 49-26] cannot add Board Part xilinx.com:zcu670:part0:2.0 available at C:/Xilinx/Vivado/2022.2/data/xhub/boards/XilinxBoardStore/boards/Xilinx/zcu670/2.0/board.xml as part xczu67dr-fsve1156-2-i specified in board_part file is either invalid or not available
WARNING: [Board 49-26] cannot add Board Part xilinx.com:zcu670ld:part0:1.0 available at C:/Xilinx/Vivado/2022.2/data/xhub/boards/XilinxBoardStore/boards/Xilinx/zcu670ld/1.0/board.xml as part xczu57dr-fsve1156-2-i specified in board_part file is either invalid or not available
INFO: [filemgmt 56-3] Default IP Output Path : Could not find the directory 'D:/Capstone/bicubic/bicubic.gen/sources_1'.
Scanning sources...
Finished scanning sources
INFO: [IP_Flow 19-234] Refreshing IP repositories
INFO: [IP_Flow 19-1704] No user IP repositories specified
INFO: [IP_Flow 19-2313] Loaded Vivado IP repository 'C:/Xilinx/Vivado/2022.2/data/ip'.
open_project: Time (s): cpu = 00:00:14 ; elapsed = 00:00:06 . Memory (MB): peak = 1724.758 ; gain = 325.488
update_compile_order -fileset sources_1
ipx::open_ipxact_file {D:\capstone\bicubic\component.xml}
WARNING: [IP_Flow 19-5226] Project source file 'd:/capstone/bicubic/component.xml' ignored by IP packager.
WARNING: [IP_Flow 19-3898] File Group 'xilinx_anylanguagesynthesis (Synthesis)': File 'd:/capstone/bicubic/bicubic.srcs/constrs_1/new/zcu102.xdc' is not found in the project sources. It will be removed from the packaged IP when the sources are merged. If still required, please add this file to the project and re-package.
WARNING: [IP_Flow 19-3898] File Group 'xilinx_anylanguagesynthesis (Synthesis)': File 'd:/capstone/bicubic/bicubic.srcs/sources_1/new/bicubicWeightRom.v' is not found in the project sources. It will be removed from the packaged IP when the sources are merged. If still required, please add this file to the project and re-package.
WARNING: [IP_Flow 19-3898] File Group 'xilinx_anylanguagesynthesis (Synthesis)': File 'd:/capstone/bicubic/bicubic.srcs/sources_1/new/bicubic_compute_unit.v' is not found in the project sources. It will be removed from the packaged IP when the sources are merged. If still required, please add this file to the project and re-package.
WARNING: [IP_Flow 19-3898] File Group 'xilinx_anylanguagesynthesis (Synthesis)': File 'd:/capstone/bicubic/bicubic.srcs/sources_1/new/pipelined_multiplier_2stage.v' is not found in the project sources. It will be removed from the packaged IP when the sources are merged. If still required, please add this file to the project and re-package.
WARNING: [IP_Flow 19-3898] File Group 'xilinx_anylanguagesynthesis (Synthesis)': File 'd:/capstone/bicubic/bicubic.srcs/sources_1/new/BCU_array.v' is not found in the project sources. It will be removed from the packaged IP when the sources are merged. If still required, please add this file to the project and re-package.
WARNING: [IP_Flow 19-3898] File Group 'xilinx_anylanguagebehavioralsimulation (Simulation)': File 'd:/capstone/bicubic/bicubic.srcs/sources_1/new/bicubicWeightRom.v' is not found in the project sources. It will be removed from the packaged IP when the sources are merged. If still required, please add this file to the project and re-package.
WARNING: [IP_Flow 19-3898] File Group 'xilinx_anylanguagebehavioralsimulation (Simulation)': File 'd:/capstone/bicubic/bicubic.srcs/sources_1/new/bicubic_compute_unit.v' is not found in the project sources. It will be removed from the packaged IP when the sources are merged. If still required, please add this file to the project and re-package.
WARNING: [IP_Flow 19-3898] File Group 'xilinx_anylanguagebehavioralsimulation (Simulation)': File 'd:/capstone/bicubic/bicubic.srcs/sources_1/new/pipelined_multiplier_2stage.v' is not found in the project sources. It will be removed from the packaged IP when the sources are merged. If still required, please add this file to the project and re-package.
WARNING: [IP_Flow 19-3898] File Group 'xilinx_anylanguagebehavioralsimulation (Simulation)': File 'd:/capstone/bicubic/bicubic.srcs/sources_1/new/BCU_array.v' is not found in the project sources. It will be removed from the packaged IP when the sources are merged. If still required, please add this file to the project and re-package.
WARNING: [IP_Flow 19-3898] File Group 'xilinx_testbench (Test Bench)': File 'd:/capstone/bicubic/bicubic.srcs/sim_1/new/tb_Bicubic_compute_unit_burst.v' is not found in the project sources. It will be removed from the packaged IP when the sources are merged. If still required, please add this file to the project and re-package.
WARNING: [IP_Flow 19-3898] File Group 'xilinx_testbench (Test Bench)': File 'd:/capstone/bicubic/tb_pipelined_multiplier_2stage_behav.wcfg' is not found in the project sources. It will be removed from the packaged IP when the sources are merged. If still required, please add this file to the project and re-package.
reset_run synth_1
INFO: [Project 1-1161] Replacing file D:/Capstone/bicubic/bicubic.srcs/utils_1/imports/synth_1/kernelCalc.dcp with file D:/Capstone/bicubic/bicubic.runs/synth_1/BCU_array.dcp
launch_runs synth_1 -jobs 12
[Sat May 10 18:44:49 2025] Launched synth_1...
Run output will be captured here: D:/Capstone/bicubic/bicubic.runs/synth_1/runme.log
open_run synth_1 -name synth_1
Design is defaulting to impl run constrset: constrs_1
Design is defaulting to synth run part: xczu9eg-ffvb1156-2-e
INFO: [Device 21-403] Loading part xczu9eg-ffvb1156-2-e
Netlist sorting complete. Time (s): cpu = 00:00:01 ; elapsed = 00:00:01 . Memory (MB): peak = 2813.324 ; gain = 2.664
INFO: [Netlist 29-17] Analyzing 4537 Unisim elements for replacement
INFO: [Netlist 29-28] Unisim Transformation completed in 0 CPU seconds
INFO: [Project 1-479] Netlist was created with Vivado 2022.2
INFO: [Project 1-570] Preparing netlist for logic optimization
Parsing XDC File [D:/Capstone/bicubic/bicubic.srcs/constrs_1/new/zcu102.xdc]
Finished Parsing XDC File [D:/Capstone/bicubic/bicubic.srcs/constrs_1/new/zcu102.xdc]
INFO: [Opt 31-138] Pushed 0 inverter(s) to 0 load pin(s).
Netlist sorting complete. Time (s): cpu = 00:00:00 ; elapsed = 00:00:00.010 . Memory (MB): peak = 3056.820 ; gain = 0.000
INFO: [Project 1-111] Unisim Transformation Summary:
  A total of 388 instances were transformed.
  IBUF => IBUF (IBUFCTRL, INBUF): 388 instances

open_run: Time (s): cpu = 00:00:28 ; elapsed = 00:00:22 . Memory (MB): peak = 3284.410 ; gain = 1486.410
report_timing_summary -delay_type min_max -report_unconstrained -check_timing_verbose -max_paths 10 -input_pins -routable_nets -name timing_1
INFO: [Timing 38-35] Done setting XDC timing constraints.
INFO: [Timing 38-91] UpdateTimingParams: Speed grade: -2, Temperature grade: E, Delay Type: min_max.
INFO: [Timing 38-191] Multithreading enabled for timing update using a maximum of 2 CPUs
report_timing_summary: Time (s): cpu = 00:00:32 ; elapsed = 00:00:25 . Memory (MB): peak = 5151.051 ; gain = 1428.238
close_design
import_files
INFO: [filemgmt 20-334] All file(s) are already imported in fileset: 'constrs_1'
INFO: [filemgmt 20-348] Importing the appropriate files for fileset: 'constrs_1'
INFO: [filemgmt 20-348] Importing the appropriate files for fileset: 'sim_1'
INFO: [filemgmt 20-348] Importing the appropriate files for fileset: 'sources_1'
INFO: [filemgmt 20-334] All file(s) are already imported in fileset: 'utils_1'
INFO: [filemgmt 20-348] Importing the appropriate files for fileset: 'utils_1'
export_ip_user_files -of_objects  [get_files D:/Capstone/bicubic/bicubic.srcs/sources_1/new/BCU_array.v] -no_script -reset -force -quiet
export_ip_user_files -of_objects  [get_files D:/Capstone/bicubic/bicubic.srcs/sources_1/new/bicubic_compute_unit.v] -no_script -reset -force -quiet
remove_files  {D:/Capstone/bicubic/bicubic.srcs/sources_1/new/BCU_array.v D:/Capstone/bicubic/bicubic.srcs/sources_1/new/bicubic_compute_unit.v}
update_compile_order -fileset sources_1
update_compile_order -fileset sim_1
export_ip_user_files -of_objects  [get_files D:/Capstone/bicubic/bicubic.srcs/sources_1/new/bicubicWeightRom.v] -no_script -reset -force -quiet
export_ip_user_files -of_objects  [get_files D:/Capstone/bicubic/bicubic.srcs/sources_1/new/pipelined_multiplier_2stage.v] -no_script -reset -force -quiet
remove_files  {D:/Capstone/bicubic/bicubic.srcs/sources_1/new/bicubicWeightRom.v D:/Capstone/bicubic/bicubic.srcs/sources_1/new/pipelined_multiplier_2stage.v}
add_files -norecurse {D:/Capstone/bicubic/bicubic.srcs/sources_1/bicubic_compute_unit.v D:/Capstone/bicubic/bicubic.srcs/sources_1/muliplier_1stage.v D:/Capstone/bicubic/bicubic.srcs/sources_1/BCU_array.v D:/Capstone/bicubic/bicubic.srcs/sources_1/pipelined_multiplier_2stage.v D:/Capstone/bicubic/bicubic.srcs/sources_1/bicubicWeightRom.v}
update_compile_order -fileset sources_1
export_ip_user_files -of_objects  [get_files D:/Capstone/bicubic/bicubic.srcs/sim_1/new/tb_Bicubic_compute_unit.v] -no_script -reset -force -quiet
export_ip_user_files -of_objects  [get_files D:/Capstone/bicubic/bicubic.srcs/sim_1/new/tb_Bicubic_compute_unit_burst.v] -no_script -reset -force -quiet
export_ip_user_files -of_objects  [get_files D:/Capstone/bicubic/bicubic.srcs/sim_1/new/tb_kernelCalc.v] -no_script -reset -force -quiet
remove_files  -fileset sim_1 {D:/Capstone/bicubic/bicubic.srcs/sim_1/new/tb_Bicubic_compute_unit.v D:/Capstone/bicubic/bicubic.srcs/sim_1/new/tb_Bicubic_compute_unit_burst.v D:/Capstone/bicubic/bicubic.srcs/sim_1/new/tb_kernelCalc.v}
set_property SOURCE_SET sources_1 [get_filesets sim_1]
add_files -fileset sim_1 -norecurse {D:/Capstone/bicubic/bicubic.srcs/sim_1/tb_Bicubic_compute_unit.v D:/Capstone/bicubic/bicubic.srcs/sim_1/tb_Bicubic_compute_unit_burst.v D:/Capstone/bicubic/bicubic.srcs/sim_1/tb_kernelCalc.v}
update_compile_order -fileset sim_1
export_ip_user_files -of_objects  [get_files D:/Capstone/bicubic/bicubic.srcs/sources_1/imports/bicubic/component.xml] -no_script -reset -force -quiet
remove_files  D:/Capstone/bicubic/bicubic.srcs/sources_1/imports/bicubic/component.xml
ipx::package_project -root_dir d:/capstone/bicubic -vendor xilinx.com -library user -taxonomy /UserIP -force
WARNING: [IP_Flow 19-3833] Unreferenced file from the top module is not packaged: 'D:/Capstone/bicubic/bicubic.srcs/sources_1/muliplier_1stage.v'.
INFO: [IP_Flow 19-5107] Inferred bus interface 'i_reset' of definition 'xilinx.com:signal:reset:1.0' (from Xilinx Repository).
INFO: [IP_Flow 19-5107] Inferred bus interface 'i_clk' of definition 'xilinx.com:signal:clock:1.0' (from Xilinx Repository).
INFO: [IP_Flow 19-4728] Bus Interface 'i_clk': Added interface parameter 'ASSOCIATED_RESET' with value 'i_reset'.
WARNING: [IP_Flow 19-5661] Bus Interface 'i_clk' does not have any bus interfaces associated with it.
CRITICAL WARNING: [IP_Flow 19-530] File Group 'xilinx_testbench (Test Bench)': Component file 'bicubic.srcs/sim_1/imports/bicubic/tb_pipelined_multiplier_2stage_behav.wcfg' (d:/capstone/bicubic/bicubic.srcs/sim_1/imports/bicubic/tb_pipelined_multiplier_2stage_behav.wcfg) does not exist.
INFO: [IP_Flow 19-2181] Payment Required is not set for this core.
INFO: [IP_Flow 19-2187] The Product Guide file is missing.
export_ip_user_files -of_objects  [get_files D:/Capstone/bicubic/bicubic.srcs/sim_1/imports/bicubic/tb_pipelined_multiplier_2stage_behav.wcfg] -no_script -reset -force -quiet
remove_files  -fileset sim_1 D:/Capstone/bicubic/bicubic.srcs/sim_1/imports/bicubic/tb_pipelined_multiplier_2stage_behav.wcfg
ipx::merge_project_changes files [ipx::current_core]
WARNING: [IP_Flow 19-3833] Unreferenced file from the top module is not packaged: 'D:/Capstone/bicubic/bicubic.srcs/sources_1/muliplier_1stage.v'.
WARNING: [IP_Flow 19-5226] Project source file 'd:/capstone/bicubic/component.xml' ignored by IP packager.
WARNING: [IP_Flow 19-5109] File Group 'xilinx_testbench (Test Bench)': File 'd:/capstone/bicubic/bicubic.srcs/sim_1/imports/bicubic/tb_pipelined_multiplier_2stage_behav.wcfg' does not exist in the project sources. It has been removed from the packaged IP. If still required, please add this file to the project, merge sources and re-package.
exit
INFO: [Common 17-206] Exiting Vivado at Sat May 10 18:50:46 2025...
