#-----------------------------------------------------------
# Vivado v2019.1 (64-bit)
# SW Build 2552052 on Fri May 24 14:49:42 MDT 2019
# IP Build 2548770 on Fri May 24 18:01:18 MDT 2019
# Start of session at: Fri Sep  5 12:19:59 2025
# Process ID: 17792
# Current directory: C:/Users/josuh/Desktop/Projects/Capstone/FSRCNN_IPs_19.1/Shrinking_Layer_19.1
# Command line: vivado.exe -gui_launcher_event rodinguilauncherevent1808 C:\Users\josuh\Desktop\Projects\Capstone\FSRCNN_IPs_19.1\Shrinking_Layer_19.1\Shrinking_Layer_19.1.xpr
# Log file: C:/Users/josuh/Desktop/Projects/Capstone/FSRCNN_IPs_19.1/Shrinking_Layer_19.1/vivado.log
# Journal file: C:/Users/josuh/Desktop/Projects/Capstone/FSRCNN_IPs_19.1/Shrinking_Layer_19.1\vivado.jou
#-----------------------------------------------------------
start_gui
open_project C:/Users/josuh/Desktop/Projects/Capstone/FSRCNN_IPs_19.1/Shrinking_Layer_19.1/Shrinking_Layer_19.1.xpr
CRITICAL WARNING: [Project 1-19] Could not find the file 'C:/Users/josuh/Desktop/Projects/Capstone/FSRCNN_IPs_19.1/Shrinking_Layer_19.1/Shrinking_Layer_19.1.srcs/sources_1/imports/sources_1/new/shrink_Adder_Tree.v'.
CRITICAL WARNING: [Project 1-19] Could not find the file 'C:/Users/josuh/Desktop/Projects/Capstone/FSRCNN_IPs_19.1/Shrinking_Layer_19.1/Shrinking_Layer_19.1.srcs/sources_1/imports/sources_1/new/shrink_Convolution.v'.
CRITICAL WARNING: [Project 1-19] Could not find the file 'C:/Users/josuh/Desktop/Projects/Capstone/FSRCNN_IPs_19.1/Shrinking_Layer_19.1/Shrinking_Layer_19.1.srcs/sources_1/imports/sources_1/new/shrink_Multiplier_DSP.v'.
CRITICAL WARNING: [Project 1-19] Could not find the file 'C:/Users/josuh/Desktop/Projects/Capstone/FSRCNN_IPs_19.1/Shrinking_Layer_19.1/Shrinking_Layer_19.1.srcs/sources_1/imports/sources_1/imports/FSRCNN/shrink_pipelined_multiplier_2stage.v'.
CRITICAL WARNING: [Project 1-19] Could not find the file 'C:/Users/josuh/Desktop/Projects/Capstone/FSRCNN_IPs_19.1/Shrinking_Layer_19.1/Shrinking_Layer_19.1.srcs/sources_1/imports/sources_1/new/Shrinking_Layer.v'.
CRITICAL WARNING: [Project 1-19] Could not find the file 'C:/Users/josuh/Desktop/Projects/Capstone/FSRCNN_IPs_19.1/Shrinking_Layer_19.1/Shrinking_Layer_19.1.srcs/sources_1/imports/sources_1/new/Adder_Tree.v'.
CRITICAL WARNING: [Project 1-19] Could not find the file 'C:/Users/josuh/Desktop/Projects/Capstone/FSRCNN_IPs_19.1/Shrinking_Layer_19.1/Shrinking_Layer_19.1.srcs/sources_1/imports/sources_1/new/Convolution.v'.
CRITICAL WARNING: [Project 1-19] Could not find the file 'C:/Users/josuh/Desktop/Projects/Capstone/FSRCNN_IPs_19.1/Shrinking_Layer_19.1/Shrinking_Layer_19.1.srcs/sources_1/imports/sources_1/new/Multiplier_DSP.v'.
CRITICAL WARNING: [Project 1-19] Could not find the file 'C:/Users/josuh/Desktop/Projects/Capstone/FSRCNN_IPs_19.1/Shrinking_Layer_19.1/Shrinking_Layer_19.1.srcs/sources_1/imports/sources_1/imports/FSRCNN/pipelined_multiplier_2stage.v'.
Scanning sources...
Finished scanning sources
INFO: [IP_Flow 19-234] Refreshing IP repositories
INFO: [IP_Flow 19-1700] Loaded user IP repository 'c:/Users/josuh/Desktop/Projects/Capstone/FSRCNN_IPs_19.1/Shrinking_Layer_19.1/Shrinking_Layer_19.1.srcs/sources_1'.
INFO: [IP_Flow 19-2313] Loaded Vivado IP repository 'C:/Xilinx/Vivado/2019.1/data/ip'.
update_compile_order -fileset sources_1
export_ip_user_files -of_objects  [get_files C:/Users/josuh/Desktop/Projects/Capstone/FSRCNN_IPs_19.1/Shrinking_Layer_19.1/Shrinking_Layer_19.1.srcs/sources_1/imports/sources_1/new/Adder_Tree.v] -no_script -reset -force -quiet
export_ip_user_files -of_objects  [get_files C:/Users/josuh/Desktop/Projects/Capstone/FSRCNN_IPs_19.1/Shrinking_Layer_19.1/Shrinking_Layer_19.1.srcs/sources_1/imports/sources_1/new/Convolution.v] -no_script -reset -force -quiet
export_ip_user_files -of_objects  [get_files C:/Users/josuh/Desktop/Projects/Capstone/FSRCNN_IPs_19.1/Shrinking_Layer_19.1/Shrinking_Layer_19.1.srcs/sources_1/imports/sources_1/new/Multiplier_DSP.v] -no_script -reset -force -quiet
export_ip_user_files -of_objects  [get_files C:/Users/josuh/Desktop/Projects/Capstone/FSRCNN_IPs_19.1/Shrinking_Layer_19.1/Shrinking_Layer_19.1.srcs/sources_1/imports/sources_1/new/Shrinking_Layer.v] -no_script -reset -force -quiet
export_ip_user_files -of_objects  [get_files C:/Users/josuh/Desktop/Projects/Capstone/FSRCNN_IPs_19.1/Shrinking_Layer_19.1/Shrinking_Layer_19.1.srcs/sources_1/imports/sources_1/imports/FSRCNN/pipelined_multiplier_2stage.v] -no_script -reset -force -quiet
export_ip_user_files -of_objects  [get_files C:/Users/josuh/Desktop/Projects/Capstone/FSRCNN_IPs_19.1/Shrinking_Layer_19.1/Shrinking_Layer_19.1.srcs/sources_1/imports/sources_1/new/shrink_Adder_Tree.v] -no_script -reset -force -quiet
export_ip_user_files -of_objects  [get_files C:/Users/josuh/Desktop/Projects/Capstone/FSRCNN_IPs_19.1/Shrinking_Layer_19.1/Shrinking_Layer_19.1.srcs/sources_1/imports/sources_1/new/shrink_Convolution.v] -no_script -reset -force -quiet
export_ip_user_files -of_objects  [get_files C:/Users/josuh/Desktop/Projects/Capstone/FSRCNN_IPs_19.1/Shrinking_Layer_19.1/Shrinking_Layer_19.1.srcs/sources_1/imports/sources_1/new/shrink_Multiplier_DSP.v] -no_script -reset -force -quiet
export_ip_user_files -of_objects  [get_files C:/Users/josuh/Desktop/Projects/Capstone/FSRCNN_IPs_19.1/Shrinking_Layer_19.1/Shrinking_Layer_19.1.srcs/sources_1/imports/sources_1/imports/FSRCNN/shrink_pipelined_multiplier_2stage.v] -no_script -reset -force -quiet
remove_files  {C:/Users/josuh/Desktop/Projects/Capstone/FSRCNN_IPs_19.1/Shrinking_Layer_19.1/Shrinking_Layer_19.1.srcs/sources_1/imports/sources_1/new/Adder_Tree.v C:/Users/josuh/Desktop/Projects/Capstone/FSRCNN_IPs_19.1/Shrinking_Layer_19.1/Shrinking_Layer_19.1.srcs/sources_1/imports/sources_1/new/Convolution.v C:/Users/josuh/Desktop/Projects/Capstone/FSRCNN_IPs_19.1/Shrinking_Layer_19.1/Shrinking_Layer_19.1.srcs/sources_1/imports/sources_1/new/Multiplier_DSP.v C:/Users/josuh/Desktop/Projects/Capstone/FSRCNN_IPs_19.1/Shrinking_Layer_19.1/Shrinking_Layer_19.1.srcs/sources_1/imports/sources_1/new/Shrinking_Layer.v C:/Users/josuh/Desktop/Projects/Capstone/FSRCNN_IPs_19.1/Shrinking_Layer_19.1/Shrinking_Layer_19.1.srcs/sources_1/imports/sources_1/imports/FSRCNN/pipelined_multiplier_2stage.v C:/Users/josuh/Desktop/Projects/Capstone/FSRCNN_IPs_19.1/Shrinking_Layer_19.1/Shrinking_Layer_19.1.srcs/sources_1/imports/sources_1/new/shrink_Adder_Tree.v C:/Users/josuh/Desktop/Projects/Capstone/FSRCNN_IPs_19.1/Shrinking_Layer_19.1/Shrinking_Layer_19.1.srcs/sources_1/imports/sources_1/new/shrink_Convolution.v C:/Users/josuh/Desktop/Projects/Capstone/FSRCNN_IPs_19.1/Shrinking_Layer_19.1/Shrinking_Layer_19.1.srcs/sources_1/imports/sources_1/new/shrink_Multiplier_DSP.v C:/Users/josuh/Desktop/Projects/Capstone/FSRCNN_IPs_19.1/Shrinking_Layer_19.1/Shrinking_Layer_19.1.srcs/sources_1/imports/sources_1/imports/FSRCNN/shrink_pipelined_multiplier_2stage.v}
reset_run synth_1
launch_runs synth_1 -jobs 8
INFO: [Vivado 12-4149] The synthesis checkpoint for IP 'C:/Users/josuh/Desktop/Projects/Capstone/FSRCNN_IPs_19.1/Shrinking_Layer_19.1/Shrinking_Layer_19.1.srcs/sources_1/ip/shrink_fifo_generator_1/shrink_fifo_generator_1.xci' is already up-to-date
INFO: [Vivado 12-4149] The synthesis checkpoint for IP 'C:/Users/josuh/Desktop/Projects/Capstone/FSRCNN_IPs_19.1/Shrinking_Layer_19.1/Shrinking_Layer_19.1.srcs/sources_1/ip/shrink_dsp48_macro_1/shrink_dsp48_macro_1.xci' is already up-to-date
[Fri Sep  5 12:23:05 2025] Launched synth_1...
Run output will be captured here: C:/Users/josuh/Desktop/Projects/Capstone/FSRCNN_IPs_19.1/Shrinking_Layer_19.1/Shrinking_Layer_19.1.runs/synth_1/runme.log
ipx::open_ipxact_file C:/Users/josuh/Desktop/Projects/Capstone/FSRCNN_IPs_19.1/Shrinking_Layer_19.1/Shrinking_Layer_19.1.srcs/sources_1/component.xml
WARNING: [IP_Flow 19-4963] shrink_fifo_generator_1 has board value specified. The packaged IP will be restricted to usage with board 'digilentinc.com:zybo-z7-20:part0:1.0'
WARNING: [IP_Flow 19-5226] Project source file 'c:/Users/josuh/Desktop/Projects/Capstone/FSRCNN_IPs_19.1/Shrinking_Layer_19.1/Shrinking_Layer_19.1.srcs/sources_1/component.xml' ignored by IP packager.
WARNING: [IP_Flow 19-3898] File Group 'xilinx_anylanguagesynthesis (Synthesis)': File 'c:/Users/josuh/Desktop/Projects/Capstone/FSRCNN_IPs_19.1/Shrinking_Layer_19.1/Shrinking_Layer_19.1.srcs/sources_1/ip/shrink_fifo_generator_1/shrink_fifo_generator_1.xci' is not found in the project sources. It will be removed from the packaged IP when the sources are merged. If still required, please add this file to the project and re-package.
WARNING: [IP_Flow 19-3898] File Group 'xilinx_anylanguagesynthesis (Synthesis)': File 'c:/Users/josuh/Desktop/Projects/Capstone/FSRCNN_IPs_19.1/Shrinking_Layer_19.1/Shrinking_Layer_19.1.srcs/sources_1/ip/shrink_dsp48_macro_1/shrink_dsp48_macro_1.xci' is not found in the project sources. It will be removed from the packaged IP when the sources are merged. If still required, please add this file to the project and re-package.
WARNING: [IP_Flow 19-3898] File Group 'xilinx_anylanguagesynthesis (Synthesis)': File 'c:/Users/josuh/Desktop/Projects/Capstone/FSRCNN_IPs_19.1/Shrinking_Layer_19.1/Shrinking_Layer_19.1.srcs/sources_1/imports/shrink_Adder_Tree.v' is not found in the project sources. It will be removed from the packaged IP when the sources are merged. If still required, please add this file to the project and re-package.
WARNING: [IP_Flow 19-3898] File Group 'xilinx_anylanguagesynthesis (Synthesis)': File 'c:/Users/josuh/Desktop/Projects/Capstone/FSRCNN_IPs_19.1/Shrinking_Layer_19.1/Shrinking_Layer_19.1.srcs/sources_1/imports/shrink_Convolution.v' is not found in the project sources. It will be removed from the packaged IP when the sources are merged. If still required, please add this file to the project and re-package.
WARNING: [IP_Flow 19-3898] File Group 'xilinx_anylanguagesynthesis (Synthesis)': File 'c:/Users/josuh/Desktop/Projects/Capstone/FSRCNN_IPs_19.1/Shrinking_Layer_19.1/Shrinking_Layer_19.1.srcs/sources_1/imports/shrink_Multiplier_DSP.v' is not found in the project sources. It will be removed from the packaged IP when the sources are merged. If still required, please add this file to the project and re-package.
WARNING: [IP_Flow 19-3898] File Group 'xilinx_anylanguagesynthesis (Synthesis)': File 'c:/Users/josuh/Desktop/Projects/Capstone/FSRCNN_IPs_19.1/Shrinking_Layer_19.1/Shrinking_Layer_19.1.srcs/sources_1/imports/shrink_pipelined_multiplier_2stage.v' is not found in the project sources. It will be removed from the packaged IP when the sources are merged. If still required, please add this file to the project and re-package.
WARNING: [IP_Flow 19-3898] File Group 'xilinx_anylanguagesynthesis (Synthesis)': File 'c:/Users/josuh/Desktop/Projects/Capstone/FSRCNN_IPs_19.1/Shrinking_Layer_19.1/Shrinking_Layer_19.1.srcs/sources_1/imports/Shrinking_Layer.v' is not found in the project sources. It will be removed from the packaged IP when the sources are merged. If still required, please add this file to the project and re-package.
WARNING: [IP_Flow 19-3898] File Group 'xilinx_anylanguagebehavioralsimulation (Simulation)': File 'c:/Users/josuh/Desktop/Projects/Capstone/FSRCNN_IPs_19.1/Shrinking_Layer_19.1/Shrinking_Layer_19.1.srcs/sources_1/ip/shrink_fifo_generator_1/shrink_fifo_generator_1.xci' is not found in the project sources. It will be removed from the packaged IP when the sources are merged. If still required, please add this file to the project and re-package.
WARNING: [IP_Flow 19-3898] File Group 'xilinx_anylanguagebehavioralsimulation (Simulation)': File 'c:/Users/josuh/Desktop/Projects/Capstone/FSRCNN_IPs_19.1/Shrinking_Layer_19.1/Shrinking_Layer_19.1.srcs/sources_1/ip/shrink_dsp48_macro_1/shrink_dsp48_macro_1.xci' is not found in the project sources. It will be removed from the packaged IP when the sources are merged. If still required, please add this file to the project and re-package.
WARNING: [IP_Flow 19-3898] File Group 'xilinx_anylanguagebehavioralsimulation (Simulation)': File 'c:/Users/josuh/Desktop/Projects/Capstone/FSRCNN_IPs_19.1/Shrinking_Layer_19.1/Shrinking_Layer_19.1.srcs/sources_1/imports/shrink_Adder_Tree.v' is not found in the project sources. It will be removed from the packaged IP when the sources are merged. If still required, please add this file to the project and re-package.
WARNING: [IP_Flow 19-3898] File Group 'xilinx_anylanguagebehavioralsimulation (Simulation)': File 'c:/Users/josuh/Desktop/Projects/Capstone/FSRCNN_IPs_19.1/Shrinking_Layer_19.1/Shrinking_Layer_19.1.srcs/sources_1/imports/shrink_Convolution.v' is not found in the project sources. It will be removed from the packaged IP when the sources are merged. If still required, please add this file to the project and re-package.
WARNING: [IP_Flow 19-3898] File Group 'xilinx_anylanguagebehavioralsimulation (Simulation)': File 'c:/Users/josuh/Desktop/Projects/Capstone/FSRCNN_IPs_19.1/Shrinking_Layer_19.1/Shrinking_Layer_19.1.srcs/sources_1/imports/shrink_Multiplier_DSP.v' is not found in the project sources. It will be removed from the packaged IP when the sources are merged. If still required, please add this file to the project and re-package.
WARNING: [IP_Flow 19-3898] File Group 'xilinx_anylanguagebehavioralsimulation (Simulation)': File 'c:/Users/josuh/Desktop/Projects/Capstone/FSRCNN_IPs_19.1/Shrinking_Layer_19.1/Shrinking_Layer_19.1.srcs/sources_1/imports/shrink_pipelined_multiplier_2stage.v' is not found in the project sources. It will be removed from the packaged IP when the sources are merged. If still required, please add this file to the project and re-package.
WARNING: [IP_Flow 19-3898] File Group 'xilinx_anylanguagebehavioralsimulation (Simulation)': File 'c:/Users/josuh/Desktop/Projects/Capstone/FSRCNN_IPs_19.1/Shrinking_Layer_19.1/Shrinking_Layer_19.1.srcs/sources_1/imports/Shrinking_Layer.v' is not found in the project sources. It will be removed from the packaged IP when the sources are merged. If still required, please add this file to the project and re-package.
ipx::merge_project_changes hdl_parameters [ipx::current_core]
WARNING: [IP_Flow 19-4963] shrink_fifo_generator_1 has board value specified. The packaged IP will be restricted to usage with board 'digilentinc.com:zybo-z7-20:part0:1.0'
WARNING: [IP_Flow 19-5226] Project source file 'c:/Users/josuh/Desktop/Projects/Capstone/FSRCNN_IPs_19.1/Shrinking_Layer_19.1/Shrinking_Layer_19.1.srcs/sources_1/component.xml' ignored by IP packager.
WARNING: [IP_Flow 19-587] [HDL Parser] HDL port or parameter 'o_conv_data' has a dependency on the module local parameter or undefined parameter 'CONV_DATA_WIDTH'.
WARNING: [IP_Flow 19-587] [HDL Parser] HDL port or parameter 'widthCounter' has a dependency on the module local parameter or undefined parameter 'INPUT_WIDTH'.
WARNING: [IP_Flow 19-587] [HDL Parser] HDL port or parameter 'heightCounter' has a dependency on the module local parameter or undefined parameter 'INPUT_HEIGHT'.
set_property core_revision 7 [ipx::current_core]
ipx::create_xgui_files [ipx::current_core]
ipx::update_checksums [ipx::current_core]
ipx::save_core [ipx::current_core]
update_ip_catalog -rebuild -repo_path c:/Users/josuh/Desktop/Projects/Capstone/FSRCNN_IPs_19.1/Shrinking_Layer_19.1/Shrinking_Layer_19.1.srcs/sources_1
INFO: [IP_Flow 19-725] Reloaded user IP repository 'c:/Users/josuh/Desktop/Projects/Capstone/FSRCNN_IPs_19.1/Shrinking_Layer_19.1/Shrinking_Layer_19.1.srcs/sources_1'
exit
INFO: [Common 17-206] Exiting Vivado at Fri Sep  5 12:24:54 2025...
