Copyright 1986-2022 Xilinx, Inc. All Rights Reserved.
----------------------------------------------------------------------------------------------------------------------------------------------------
| Tool Version     : Vivado v.2022.2 (win64) Build 3671981 Fri Oct 14 05:00:03 MDT 2022
| Date             : Fri Sep  5 16:38:13 2025
| Host             : jungho_idsl running 64-bit major release  (build 9200)
| Command          : report_power -file deconv_top_power_routed.rpt -pb deconv_top_power_summary_routed.pb -rpx deconv_top_power_routed.rpx
| Design           : deconv_top
| Device           : xczu9eg-ffvb1156-2-e
| Design State     : routed
| Grade            : extended
| Process          : typical
| Characterization : Production
----------------------------------------------------------------------------------------------------------------------------------------------------

Power Report

Table of Contents
-----------------
1. Summary
1.1 On-Chip Components
1.2 Power Supply Summary
1.3 Confidence Level
2. Settings
2.1 Environment
2.2 Clock Constraints
3. Detailed Reports
3.1 By Hierarchy

1. Summary
----------

+--------------------------+--------------+
| Total On-Chip Power (W)  | 47.236       |
| Design Power Budget (W)  | Unspecified* |
| Power Budget Margin (W)  | NA           |
| Dynamic (W)              | 45.908       |
| Device Static (W)        | 1.328        |
| Effective TJA (C/W)      | 1.0          |
| Max Ambient (C)          | 53.9         |
| Junction Temperature (C) | 71.1         |
| Confidence Level         | Low          |
| Setting File             | ---          |
| Simulation Activity File | ---          |
| Design Nets Matched      | NA           |
+--------------------------+--------------+
* Specify Design Power Budget using, set_operating_conditions -design_power_budget <value in Watts>


1.1 On-Chip Components
----------------------

+----------------+-----------+----------+-----------+-----------------+
| On-Chip        | Power (W) | Used     | Available | Utilization (%) |
+----------------+-----------+----------+-----------+-----------------+
| CLB Logic      |    24.848 |    15404 |       --- |             --- |
|   LUT as Logic |    21.977 |     3835 |    274080 |            1.40 |
|   Register     |     2.113 |     7525 |    548160 |            1.37 |
|   CARRY8       |     0.758 |      292 |     34260 |            0.85 |
|   BUFG         |    <0.001 |        1 |        32 |            3.13 |
|   Others       |     0.000 |     1096 |       --- |             --- |
| Signals        |    17.357 |    11127 |       --- |             --- |
| Block RAM      |     0.235 |      8.5 |       912 |            0.93 |
| DSPs           |     1.725 |      145 |      2520 |            5.75 |
| I/O            |     1.744 |      144 |       328 |           43.90 |
| Static Power   |     1.328 |          |           |                 |
| Total          |    47.236 |          |           |                 |
+----------------+-----------+----------+-----------+-----------------+


1.2 Power Supply Summary
------------------------

+-----------------+-------------+-----------+-------------+------------+-------------+-------------+------------+
| Source          | Voltage (V) | Total (A) | Dynamic (A) | Static (A) | Powerup (A) | Budget (A)  | Margin (A) |
+-----------------+-------------+-----------+-------------+------------+-------------+-------------+------------+
| Vccint          |       0.850 |    52.914 |      51.950 |      0.963 |       NA    | Unspecified | NA         |
| Vccint_io       |       0.850 |     0.652 |       0.603 |      0.049 |       NA    | Unspecified | NA         |
| Vccbram         |       0.850 |     0.023 |       0.008 |      0.015 |       NA    | Unspecified | NA         |
| Vccaux          |       1.800 |     0.198 |       0.000 |      0.198 |       NA    | Unspecified | NA         |
| Vccaux_io       |       1.800 |     0.148 |       0.115 |      0.033 |       NA    | Unspecified | NA         |
| Vcco33          |       3.300 |     0.000 |       0.000 |      0.000 |       NA    | Unspecified | NA         |
| Vcco25          |       2.500 |     0.000 |       0.000 |      0.000 |       NA    | Unspecified | NA         |
| Vcco18          |       1.800 |     0.569 |       0.569 |      0.000 |       NA    | Unspecified | NA         |
| Vcco15          |       1.500 |     0.000 |       0.000 |      0.000 |       NA    | Unspecified | NA         |
| Vcco135         |       1.350 |     0.000 |       0.000 |      0.000 |       NA    | Unspecified | NA         |
| Vcco12          |       1.200 |     0.000 |       0.000 |      0.000 |       NA    | Unspecified | NA         |
| Vcco10          |       1.000 |     0.000 |       0.000 |      0.000 |       NA    | Unspecified | NA         |
| Vccadc          |       1.800 |     0.008 |       0.000 |      0.008 |       NA    | Unspecified | NA         |
| VCC_PSINTFP     |       0.850 |     0.000 |       0.000 |      0.000 |       NA    | Unspecified | NA         |
| VCC_PSINTLP     |       0.850 |     0.018 |       0.000 |      0.018 |       NA    | Unspecified | NA         |
| VPS_MGTRAVCC    |       0.850 |     0.000 |       0.000 |      0.000 |       NA    | Unspecified | NA         |
| VCC_PSINTFP_DDR |       0.850 |     0.000 |       0.000 |      0.000 |       NA    | Unspecified | NA         |
| VCC_PSPLL       |       1.200 |     0.002 |       0.000 |      0.002 |       NA    | Unspecified | NA         |
| VPS_MGTRAVTT    |       1.800 |     0.000 |       0.000 |      0.000 |       NA    | Unspecified | NA         |
| VCCO_PSDDR_504  |       1.200 |     0.000 |       0.000 |      0.000 |       NA    | Unspecified | NA         |
| VCC_PSAUX       |       1.800 |     0.002 |       0.000 |      0.002 |       NA    | Unspecified | NA         |
| VCC_PSBATT      |       1.200 |     0.000 |       0.000 |      0.000 |       NA    | Unspecified | NA         |
| VCC_PSDDR_PLL   |       1.800 |     0.000 |       0.000 |      0.000 |       NA    | Unspecified | NA         |
| VCCO_PSIO0_500  |       3.300 |     0.000 |       0.000 |      0.000 |       NA    | Unspecified | NA         |
| VCCO_PSIO1_501  |       3.300 |     0.000 |       0.000 |      0.000 |       NA    | Unspecified | NA         |
| VCCO_PSIO2_502  |       3.300 |     0.000 |       0.000 |      0.000 |       NA    | Unspecified | NA         |
| VCCO_PSIO3_503  |       3.300 |     0.000 |       0.000 |      0.000 |       NA    | Unspecified | NA         |
| VCC_PSADC       |       1.800 |     0.002 |       0.000 |      0.002 |       NA    | Unspecified | NA         |
| MGTAVcc         |       0.900 |     0.000 |       0.000 |      0.000 |       NA    | Unspecified | NA         |
| MGTAVtt         |       1.200 |     0.000 |       0.000 |      0.000 |       NA    | Unspecified | NA         |
| MGTVccaux       |       1.800 |     0.000 |       0.000 |      0.000 |       NA    | Unspecified | NA         |
+-----------------+-------------+-----------+-------------+------------+-------------+-------------+------------+


1.3 Confidence Level
--------------------

+-----------------------------+------------+--------------------------------------------------------+--------------------------------------------------------------------------------------------------------------------+
| User Input Data             | Confidence | Details                                                | Action                                                                                                             |
+-----------------------------+------------+--------------------------------------------------------+--------------------------------------------------------------------------------------------------------------------+
| Design implementation state | High       | Design is routed                                       |                                                                                                                    |
| Clock nodes activity        | Low        | User specified less than 75% of clocks                 | Provide missing clock activity with a constraint file, simulation results or by editing the "By Clock Domain" view |
| I/O nodes activity          | Low        | More than 75% of inputs are missing user specification | Provide missing input activity with simulation results or by editing the "By Resource Type -> I/Os" view           |
| Internal nodes activity     | Medium     | User specified less than 25% of internal nodes         | Provide missing internal nodes activity with simulation results or by editing the "By Resource Type" views         |
| Device models               | High       | Device models are Production                           |                                                                                                                    |
|                             |            |                                                        |                                                                                                                    |
| Overall confidence level    | Low        |                                                        |                                                                                                                    |
+-----------------------------+------------+--------------------------------------------------------+--------------------------------------------------------------------------------------------------------------------+


2. Settings
-----------

2.1 Environment
---------------

+-----------------------+--------------------------+
| Ambient Temp (C)      | 25.0                     |
| ThetaJA (C/W)         | 1.0                      |
| Airflow (LFM)         | 250                      |
| Heat Sink             | medium (Medium Profile)  |
| ThetaSA (C/W)         | 1.5                      |
| Board Selection       | medium (10"x10")         |
| # of Board Layers     | 12to15 (12 to 15 Layers) |
| Board Temperature (C) | 25.0                     |
+-----------------------+--------------------------+


2.2 Clock Constraints
---------------------

+-------+--------+-----------------+
| Clock | Domain | Constraint (ns) |
+-------+--------+-----------------+


3. Detailed Reports
-------------------

3.1 By Hierarchy
----------------

+---------------------------------+-----------+
| Name                            | Power (W) |
+---------------------------------+-----------+
| deconv_top                      |    45.908 |
|   LINEBUFFER_0                  |     0.866 |
|   LINEBUFFER_1                  |     0.110 |
|   LINEBUFFER_2                  |     0.142 |
|   LINEBUFFER_3                  |     0.646 |
|   axi_clk_IBUF_inst             |     0.006 |
|   axi_reset_n_IBUF_inst         |     0.032 |
|   genblk1[0].deconv             |     2.182 |
|     dsp_mul_0_0                 |     0.030 |
|       U0                        |     0.030 |
|     dsp_mul_0_1                 |     0.024 |
|       U0                        |     0.024 |
|     dsp_mul_0_2                 |     0.032 |
|       U0                        |     0.032 |
|     dsp_mul_1_0                 |     0.036 |
|       U0                        |     0.036 |
|     dsp_mul_1_1                 |     0.035 |
|       U0                        |     0.035 |
|     dsp_mul_1_2                 |     0.042 |
|       U0                        |     0.042 |
|     dsp_mul_2_0                 |     0.035 |
|       U0                        |     0.035 |
|     dsp_mul_2_1                 |     0.042 |
|       U0                        |     0.042 |
|     dsp_mul_2_2                 |     0.046 |
|       U0                        |     0.046 |
|   genblk1[10].deconv            |     2.113 |
|     dsp_mul_0_0                 |     0.021 |
|       U0                        |     0.021 |
|     dsp_mul_0_1                 |     0.029 |
|       U0                        |     0.029 |
|     dsp_mul_0_2                 |     0.025 |
|       U0                        |     0.025 |
|     dsp_mul_1_0                 |     0.048 |
|       U0                        |     0.048 |
|     dsp_mul_1_1                 |     0.102 |
|       U0                        |     0.102 |
|     dsp_mul_1_2                 |     0.036 |
|       U0                        |     0.036 |
|     dsp_mul_2_0                 |     0.036 |
|       U0                        |     0.036 |
|     dsp_mul_2_1                 |     0.041 |
|       U0                        |     0.041 |
|     dsp_mul_2_2                 |     0.103 |
|       U0                        |     0.103 |
|   genblk1[11].deconv            |     2.103 |
|     dsp_mul_0_0                 |     0.008 |
|       U0                        |     0.008 |
|     dsp_mul_0_1                 |     0.029 |
|       U0                        |     0.029 |
|     dsp_mul_0_2                 |     0.020 |
|       U0                        |     0.020 |
|     dsp_mul_1_0                 |     0.026 |
|       U0                        |     0.026 |
|     dsp_mul_1_1                 |     0.039 |
|       U0                        |     0.039 |
|     dsp_mul_1_2                 |     0.036 |
|       U0                        |     0.036 |
|     dsp_mul_2_0                 |     0.035 |
|       U0                        |     0.035 |
|     dsp_mul_2_1                 |     0.033 |
|       U0                        |     0.033 |
|     dsp_mul_2_2                 |     0.036 |
|       U0                        |     0.036 |
|   genblk1[12].deconv            |     2.091 |
|     dsp_mul_0_0                 |     0.039 |
|       U0                        |     0.039 |
|     dsp_mul_0_1                 |     0.018 |
|       U0                        |     0.018 |
|     dsp_mul_0_2                 |     0.028 |
|       U0                        |     0.028 |
|     dsp_mul_1_0                 |     0.030 |
|       U0                        |     0.030 |
|     dsp_mul_1_1                 |     0.038 |
|       U0                        |     0.038 |
|     dsp_mul_1_2                 |     0.038 |
|       U0                        |     0.038 |
|     dsp_mul_2_0                 |     0.050 |
|       U0                        |     0.050 |
|     dsp_mul_2_1                 |     0.036 |
|       U0                        |     0.036 |
|     dsp_mul_2_2                 |     0.035 |
|       U0                        |     0.035 |
|   genblk1[13].deconv            |     2.099 |
|     dsp_mul_0_0                 |     0.035 |
|       U0                        |     0.035 |
|     dsp_mul_0_1                 |     0.027 |
|       U0                        |     0.027 |
|     dsp_mul_0_2                 |     0.019 |
|       U0                        |     0.019 |
|     dsp_mul_1_0                 |     0.030 |
|       U0                        |     0.030 |
|     dsp_mul_1_1                 |     0.039 |
|       U0                        |     0.039 |
|     dsp_mul_1_2                 |     0.033 |
|       U0                        |     0.033 |
|     dsp_mul_2_0                 |     0.043 |
|       U0                        |     0.043 |
|     dsp_mul_2_1                 |     0.045 |
|       U0                        |     0.045 |
|     dsp_mul_2_2                 |     0.037 |
|       U0                        |     0.037 |
|   genblk1[14].deconv            |     2.202 |
|     dsp_mul_0_0                 |     0.020 |
|       U0                        |     0.020 |
|     dsp_mul_0_1                 |     0.029 |
|       U0                        |     0.029 |
|     dsp_mul_0_2                 |     0.020 |
|       U0                        |     0.020 |
|     dsp_mul_1_0                 |     0.039 |
|       U0                        |     0.039 |
|     dsp_mul_1_1                 |     0.042 |
|       U0                        |     0.042 |
|     dsp_mul_1_2                 |     0.029 |
|       U0                        |     0.029 |
|     dsp_mul_2_0                 |     0.032 |
|       U0                        |     0.032 |
|     dsp_mul_2_1                 |     0.045 |
|       U0                        |     0.045 |
|     dsp_mul_2_2                 |     0.047 |
|       U0                        |     0.047 |
|   genblk1[15].deconv            |     3.200 |
|     dsp_mul_0_0                 |     0.019 |
|       U0                        |     0.019 |
|     dsp_mul_0_1                 |     0.017 |
|       U0                        |     0.017 |
|     dsp_mul_0_2                 |     0.038 |
|       U0                        |     0.038 |
|     dsp_mul_1_0                 |     0.053 |
|       U0                        |     0.053 |
|     dsp_mul_1_1                 |     0.051 |
|       U0                        |     0.051 |
|     dsp_mul_1_2                 |     0.044 |
|       U0                        |     0.044 |
|     dsp_mul_2_0                 |     0.048 |
|       U0                        |     0.048 |
|     dsp_mul_2_1                 |     0.041 |
|       U0                        |     0.041 |
|     dsp_mul_2_2                 |     0.042 |
|       U0                        |     0.042 |
|   genblk1[1].deconv             |     2.149 |
|     dsp_mul_0_0                 |     0.020 |
|       U0                        |     0.020 |
|     dsp_mul_0_1                 |     0.027 |
|       U0                        |     0.027 |
|     dsp_mul_0_2                 |     0.020 |
|       U0                        |     0.020 |
|     dsp_mul_1_0                 |     0.046 |
|       U0                        |     0.046 |
|     dsp_mul_1_1                 |     0.041 |
|       U0                        |     0.041 |
|     dsp_mul_1_2                 |     0.039 |
|       U0                        |     0.039 |
|     dsp_mul_2_0                 |     0.039 |
|       U0                        |     0.039 |
|     dsp_mul_2_1                 |     0.043 |
|       U0                        |     0.043 |
|     dsp_mul_2_2                 |     0.052 |
|       U0                        |     0.052 |
|   genblk1[2].deconv             |     1.973 |
|     dsp_mul_0_0                 |     0.028 |
|       U0                        |     0.028 |
|     dsp_mul_0_1                 |     0.025 |
|       U0                        |     0.025 |
|     dsp_mul_0_2                 |     0.018 |
|       U0                        |     0.018 |
|     dsp_mul_1_0                 |     0.040 |
|       U0                        |     0.040 |
|     dsp_mul_1_1                 |     0.031 |
|       U0                        |     0.031 |
|     dsp_mul_1_2                 |     0.047 |
|       U0                        |     0.047 |
|     dsp_mul_2_0                 |     0.039 |
|       U0                        |     0.039 |
|     dsp_mul_2_1                 |     0.044 |
|       U0                        |     0.044 |
|     dsp_mul_2_2                 |     0.037 |
|       U0                        |     0.037 |
|   genblk1[3].deconv             |     2.219 |
|     dsp_mul_0_0                 |     0.018 |
|       U0                        |     0.018 |
|     dsp_mul_0_1                 |     0.033 |
|       U0                        |     0.033 |
|     dsp_mul_0_2                 |     0.033 |
|       U0                        |     0.033 |
|     dsp_mul_1_0                 |     0.059 |
|       U0                        |     0.059 |
|     dsp_mul_1_1                 |     0.041 |
|       U0                        |     0.041 |
|     dsp_mul_1_2                 |     0.037 |
|       U0                        |     0.037 |
|     dsp_mul_2_0                 |     0.033 |
|       U0                        |     0.033 |
|     dsp_mul_2_1                 |     0.044 |
|       U0                        |     0.044 |
|     dsp_mul_2_2                 |     0.048 |
|       U0                        |     0.048 |
|   genblk1[4].deconv             |     2.203 |
|     dsp_mul_0_0                 |     0.019 |
|       U0                        |     0.019 |
|     dsp_mul_0_1                 |     0.033 |
|       U0                        |     0.033 |
|     dsp_mul_0_2                 |     0.015 |
|       U0                        |     0.015 |
|     dsp_mul_1_0                 |     0.033 |
|       U0                        |     0.033 |
|     dsp_mul_1_1                 |     0.038 |
|       U0                        |     0.038 |
|     dsp_mul_1_2                 |     0.039 |
|       U0                        |     0.039 |
|     dsp_mul_2_0                 |     0.039 |
|       U0                        |     0.039 |
|     dsp_mul_2_1                 |     0.048 |
|       U0                        |     0.048 |
|     dsp_mul_2_2                 |     0.041 |
|       U0                        |     0.041 |
|   genblk1[5].deconv             |     2.274 |
|     dsp_mul_0_0                 |     0.016 |
|       U0                        |     0.016 |
|     dsp_mul_0_1                 |     0.029 |
|       U0                        |     0.029 |
|     dsp_mul_0_2                 |     0.025 |
|       U0                        |     0.025 |
|     dsp_mul_1_0                 |     0.037 |
|       U0                        |     0.037 |
|     dsp_mul_1_1                 |     0.052 |
|       U0                        |     0.052 |
|     dsp_mul_1_2                 |     0.040 |
|       U0                        |     0.040 |
|     dsp_mul_2_0                 |     0.048 |
|       U0                        |     0.048 |
|     dsp_mul_2_1                 |     0.050 |
|       U0                        |     0.050 |
|     dsp_mul_2_2                 |     0.045 |
|       U0                        |     0.045 |
|   genblk1[6].deconv             |     2.073 |
|     dsp_mul_0_0                 |     0.027 |
|       U0                        |     0.027 |
|     dsp_mul_0_1                 |     0.027 |
|       U0                        |     0.027 |
|     dsp_mul_0_2                 |     0.030 |
|       U0                        |     0.030 |
|     dsp_mul_1_0                 |     0.034 |
|       U0                        |     0.034 |
|     dsp_mul_1_1                 |     0.035 |
|       U0                        |     0.035 |
|     dsp_mul_1_2                 |     0.036 |
|       U0                        |     0.036 |
|     dsp_mul_2_0                 |     0.038 |
|       U0                        |     0.038 |
|     dsp_mul_2_1                 |     0.046 |
|       U0                        |     0.046 |
|     dsp_mul_2_2                 |     0.044 |
|       U0                        |     0.044 |
|   genblk1[7].deconv             |     2.280 |
|     dsp_mul_0_0                 |     0.016 |
|       U0                        |     0.016 |
|     dsp_mul_0_1                 |     0.031 |
|       U0                        |     0.031 |
|     dsp_mul_0_2                 |     0.035 |
|       U0                        |     0.035 |
|     dsp_mul_1_0                 |     0.040 |
|       U0                        |     0.040 |
|     dsp_mul_1_1                 |     0.038 |
|       U0                        |     0.038 |
|     dsp_mul_1_2                 |     0.046 |
|       U0                        |     0.046 |
|     dsp_mul_2_0                 |     0.067 |
|       U0                        |     0.067 |
|     dsp_mul_2_1                 |     0.038 |
|       U0                        |     0.038 |
|     dsp_mul_2_2                 |     0.037 |
|       U0                        |     0.037 |
|   genblk1[8].deconv             |     1.973 |
|     dsp_mul_0_0                 |     0.017 |
|       U0                        |     0.017 |
|     dsp_mul_0_1                 |     0.023 |
|       U0                        |     0.023 |
|     dsp_mul_0_2                 |     0.036 |
|       U0                        |     0.036 |
|     dsp_mul_1_0                 |     0.039 |
|       U0                        |     0.039 |
|     dsp_mul_1_1                 |     0.034 |
|       U0                        |     0.034 |
|     dsp_mul_1_2                 |     0.040 |
|       U0                        |     0.040 |
|     dsp_mul_2_0                 |     0.034 |
|       U0                        |     0.034 |
|     dsp_mul_2_1                 |     0.038 |
|       U0                        |     0.038 |
|     dsp_mul_2_2                 |     0.041 |
|       U0                        |     0.041 |
|   genblk1[9].deconv             |     2.232 |
|     dsp_mul_0_0                 |     0.027 |
|       U0                        |     0.027 |
|     dsp_mul_0_1                 |     0.036 |
|       U0                        |     0.036 |
|     dsp_mul_0_2                 |     0.042 |
|       U0                        |     0.042 |
|     dsp_mul_1_0                 |     0.045 |
|       U0                        |     0.045 |
|     dsp_mul_1_1                 |     0.032 |
|       U0                        |     0.032 |
|     dsp_mul_1_2                 |     0.051 |
|       U0                        |     0.051 |
|     dsp_mul_2_0                 |     0.028 |
|       U0                        |     0.028 |
|     dsp_mul_2_1                 |     0.039 |
|       U0                        |     0.039 |
|     dsp_mul_2_2                 |     0.045 |
|       U0                        |     0.045 |
|   inst_FIFO                     |     0.226 |
|     U0                          |     0.226 |
|       inst_fifo_gen             |     0.226 |
|   inst_deconv_transposed_weight |     2.062 |
|   m_axis_tready_IBUF_inst       |     0.008 |
|   s_axis_tdata_IBUF[0]_inst     |     0.012 |
|   s_axis_tdata_IBUF[100]_inst   |     0.010 |
|   s_axis_tdata_IBUF[101]_inst   |     0.010 |
|   s_axis_tdata_IBUF[102]_inst   |     0.011 |
|   s_axis_tdata_IBUF[103]_inst   |     0.010 |
|   s_axis_tdata_IBUF[104]_inst   |     0.010 |
|   s_axis_tdata_IBUF[105]_inst   |     0.010 |
|   s_axis_tdata_IBUF[106]_inst   |     0.011 |
|   s_axis_tdata_IBUF[107]_inst   |     0.010 |
|   s_axis_tdata_IBUF[108]_inst   |     0.010 |
|   s_axis_tdata_IBUF[109]_inst   |     0.010 |
|   s_axis_tdata_IBUF[10]_inst    |     0.011 |
|   s_axis_tdata_IBUF[110]_inst   |     0.012 |
|   s_axis_tdata_IBUF[111]_inst   |     0.010 |
|   s_axis_tdata_IBUF[112]_inst   |     0.010 |
|   s_axis_tdata_IBUF[113]_inst   |     0.010 |
|   s_axis_tdata_IBUF[114]_inst   |     0.011 |
|   s_axis_tdata_IBUF[115]_inst   |     0.010 |
|   s_axis_tdata_IBUF[116]_inst   |     0.011 |
|   s_axis_tdata_IBUF[117]_inst   |     0.011 |
|   s_axis_tdata_IBUF[118]_inst   |     0.011 |
|   s_axis_tdata_IBUF[119]_inst   |     0.012 |
|   s_axis_tdata_IBUF[11]_inst    |     0.011 |
|   s_axis_tdata_IBUF[120]_inst   |     0.011 |
|   s_axis_tdata_IBUF[121]_inst   |     0.013 |
|   s_axis_tdata_IBUF[122]_inst   |     0.012 |
|   s_axis_tdata_IBUF[123]_inst   |     0.012 |
|   s_axis_tdata_IBUF[124]_inst   |     0.007 |
|   s_axis_tdata_IBUF[125]_inst   |     0.009 |
|   s_axis_tdata_IBUF[126]_inst   |     0.010 |
|   s_axis_tdata_IBUF[127]_inst   |     0.011 |
|   s_axis_tdata_IBUF[12]_inst    |     0.011 |
|   s_axis_tdata_IBUF[13]_inst    |     0.010 |
|   s_axis_tdata_IBUF[14]_inst    |     0.010 |
|   s_axis_tdata_IBUF[15]_inst    |     0.011 |
|   s_axis_tdata_IBUF[16]_inst    |     0.011 |
|   s_axis_tdata_IBUF[17]_inst    |     0.011 |
|   s_axis_tdata_IBUF[18]_inst    |     0.010 |
|   s_axis_tdata_IBUF[19]_inst    |     0.009 |
|   s_axis_tdata_IBUF[1]_inst     |     0.012 |
|   s_axis_tdata_IBUF[20]_inst    |     0.011 |
|   s_axis_tdata_IBUF[21]_inst    |     0.010 |
|   s_axis_tdata_IBUF[22]_inst    |     0.010 |
|   s_axis_tdata_IBUF[23]_inst    |     0.009 |
|   s_axis_tdata_IBUF[24]_inst    |     0.009 |
|   s_axis_tdata_IBUF[25]_inst    |     0.009 |
|   s_axis_tdata_IBUF[26]_inst    |     0.008 |
|   s_axis_tdata_IBUF[27]_inst    |     0.008 |
|   s_axis_tdata_IBUF[28]_inst    |     0.008 |
|   s_axis_tdata_IBUF[29]_inst    |     0.008 |
|   s_axis_tdata_IBUF[2]_inst     |     0.011 |
|   s_axis_tdata_IBUF[30]_inst    |     0.008 |
|   s_axis_tdata_IBUF[31]_inst    |     0.007 |
|   s_axis_tdata_IBUF[32]_inst    |     0.007 |
|   s_axis_tdata_IBUF[33]_inst    |     0.007 |
|   s_axis_tdata_IBUF[34]_inst    |     0.008 |
|   s_axis_tdata_IBUF[35]_inst    |     0.007 |
|   s_axis_tdata_IBUF[36]_inst    |     0.007 |
|   s_axis_tdata_IBUF[37]_inst    |     0.007 |
|   s_axis_tdata_IBUF[38]_inst    |     0.007 |
|   s_axis_tdata_IBUF[39]_inst    |     0.007 |
|   s_axis_tdata_IBUF[3]_inst     |     0.011 |
|   s_axis_tdata_IBUF[40]_inst    |     0.007 |
|   s_axis_tdata_IBUF[41]_inst    |     0.007 |
|   s_axis_tdata_IBUF[42]_inst    |     0.008 |
|   s_axis_tdata_IBUF[43]_inst    |     0.008 |
|   s_axis_tdata_IBUF[44]_inst    |     0.007 |
|   s_axis_tdata_IBUF[45]_inst    |     0.009 |
|   s_axis_tdata_IBUF[46]_inst    |     0.008 |
|   s_axis_tdata_IBUF[47]_inst    |     0.007 |
|   s_axis_tdata_IBUF[48]_inst    |     0.008 |
|   s_axis_tdata_IBUF[49]_inst    |     0.008 |
|   s_axis_tdata_IBUF[4]_inst     |     0.012 |
|   s_axis_tdata_IBUF[50]_inst    |     0.008 |
|   s_axis_tdata_IBUF[51]_inst    |     0.008 |
|   s_axis_tdata_IBUF[52]_inst    |     0.010 |
|   s_axis_tdata_IBUF[53]_inst    |     0.008 |
|   s_axis_tdata_IBUF[54]_inst    |     0.009 |
|   s_axis_tdata_IBUF[55]_inst    |     0.008 |
|   s_axis_tdata_IBUF[56]_inst    |     0.010 |
|   s_axis_tdata_IBUF[57]_inst    |     0.010 |
|   s_axis_tdata_IBUF[58]_inst    |     0.009 |
|   s_axis_tdata_IBUF[59]_inst    |     0.008 |
|   s_axis_tdata_IBUF[5]_inst     |     0.011 |
|   s_axis_tdata_IBUF[60]_inst    |     0.010 |
|   s_axis_tdata_IBUF[61]_inst    |     0.010 |
|   s_axis_tdata_IBUF[62]_inst    |     0.009 |
|   s_axis_tdata_IBUF[63]_inst    |     0.011 |
|   s_axis_tdata_IBUF[64]_inst    |     0.009 |
|   s_axis_tdata_IBUF[65]_inst    |     0.010 |
|   s_axis_tdata_IBUF[66]_inst    |     0.009 |
|   s_axis_tdata_IBUF[67]_inst    |     0.009 |
|   s_axis_tdata_IBUF[68]_inst    |     0.010 |
|   s_axis_tdata_IBUF[69]_inst    |     0.010 |
|   s_axis_tdata_IBUF[6]_inst     |     0.011 |
|   s_axis_tdata_IBUF[70]_inst    |     0.011 |
|   s_axis_tdata_IBUF[71]_inst    |     0.010 |
|   s_axis_tdata_IBUF[72]_inst    |     0.010 |
|   s_axis_tdata_IBUF[73]_inst    |     0.009 |
|   s_axis_tdata_IBUF[74]_inst    |     0.008 |
|   s_axis_tdata_IBUF[75]_inst    |     0.007 |
|   s_axis_tdata_IBUF[76]_inst    |     0.007 |
|   s_axis_tdata_IBUF[77]_inst    |     0.007 |
|   s_axis_tdata_IBUF[78]_inst    |     0.007 |
|   s_axis_tdata_IBUF[79]_inst    |     0.007 |
|   s_axis_tdata_IBUF[7]_inst     |     0.011 |
|   s_axis_tdata_IBUF[80]_inst    |     0.007 |
|   s_axis_tdata_IBUF[81]_inst    |     0.008 |
|   s_axis_tdata_IBUF[82]_inst    |     0.008 |
|   s_axis_tdata_IBUF[83]_inst    |     0.007 |
|   s_axis_tdata_IBUF[84]_inst    |     0.009 |
|   s_axis_tdata_IBUF[85]_inst    |     0.008 |
|   s_axis_tdata_IBUF[86]_inst    |     0.008 |
|   s_axis_tdata_IBUF[87]_inst    |     0.008 |
|   s_axis_tdata_IBUF[88]_inst    |     0.008 |
|   s_axis_tdata_IBUF[89]_inst    |     0.008 |
|   s_axis_tdata_IBUF[8]_inst     |     0.012 |
|   s_axis_tdata_IBUF[90]_inst    |     0.008 |
|   s_axis_tdata_IBUF[91]_inst    |     0.009 |
|   s_axis_tdata_IBUF[92]_inst    |     0.008 |
|   s_axis_tdata_IBUF[93]_inst    |     0.009 |
|   s_axis_tdata_IBUF[94]_inst    |     0.009 |
|   s_axis_tdata_IBUF[95]_inst    |     0.009 |
|   s_axis_tdata_IBUF[96]_inst    |     0.009 |
|   s_axis_tdata_IBUF[97]_inst    |     0.009 |
|   s_axis_tdata_IBUF[98]_inst    |     0.009 |
|   s_axis_tdata_IBUF[99]_inst    |     0.009 |
|   s_axis_tdata_IBUF[9]_inst     |     0.011 |
|   s_axis_tvalid_IBUF_inst       |     0.011 |
+---------------------------------+-----------+


