Copyright 1986-2022 Xilinx, Inc. All Rights Reserved.
------------------------------------------------------------------------------------
| Tool Version : Vivado v.2022.2 (win64) Build 3671981 Fri Oct 14 05:00:03 MDT 2022
| Date         : Thu Sep 11 22:18:26 2025
| Host         : DESKTOP-DD0PJLS running 64-bit major release  (build 9200)
| Command      : upgrade_ip
| Device       : xczu9eg-ffvb1156-2-e
------------------------------------------------------------------------------------

Upgrade Log for IP 'yconv_fifo_generator_0'

1. Summary
----------

SUCCESS in the conversion of yconv_fifo_generator_0 (xilinx.com:ip:fifo_generator:13.2 (Rev. 7)) to Vivado generation flows.






Copyright 1986-2022 Xilinx, Inc. All Rights Reserved.
------------------------------------------------------------------------------------
| Tool Version : Vivado v.2022.2 (win64) Build 3671981 Fri Oct 14 05:00:03 MDT 2022
| Date         : Thu Sep 11 22:17:42 2025
| Host         : DESKTOP-DD0PJLS running 64-bit major release  (build 9200)
| Command      : upgrade_ip
| Device       : xczu7ev-ffvc1156-2-e
------------------------------------------------------------------------------------

Upgrade Log for IP 'yconv_fifo_generator_0'

1. Summary
----------

SUCCESS in the upgrade of yconv_fifo_generator_0 (xilinx.com:ip:fifo_generator:13.2) from (Rev. 4) to (Rev. 7)

