#-----------------------------------------------------------
# Vivado v2022.2 (64-bit)
# SW Build 3671981 on Fri Oct 14 05:00:03 MDT 2022
# IP Build 3669848 on Fri Oct 14 08:30:02 MDT 2022
# Start of session at: Sun Sep 14 14:53:10 2025
# Process ID: 12360
# Current directory: C:/emergency/FSRCNN_imple2.vol1/ip_repo/AXI4S_Feature_Extraction_Layer
# Command line: vivado.exe -gui_launcher_event rodinguilauncherevent21652 C:\emergency\FSRCNN_imple2.vol1\ip_repo\AXI4S_Feature_Extraction_Layer\AXI4S_Feature_Extraction_Layer.xpr
# Log file: C:/emergency/FSRCNN_imple2.vol1/ip_repo/AXI4S_Feature_Extraction_Layer/vivado.log
# Journal file: C:/emergency/FSRCNN_imple2.vol1/ip_repo/AXI4S_Feature_Extraction_Layer\vivado.jou
# Running On: xylo, OS: Windows, CPU Frequency: 4350 MHz, CPU Physical cores: 12, Host memory: 33382 MB
#-----------------------------------------------------------
start_gui
open_project C:/emergency/FSRCNN_imple2.vol1/ip_repo/AXI4S_Feature_Extraction_Layer/AXI4S_Feature_Extraction_Layer.xpr
WARNING: [Board 49-26] cannot add Board Part xilinx.com:vek280_es:part0:1.0 available at C:/Xilinx/Vivado/2022.2/data/xhub/boards/XilinxBoardStore/boards/Xilinx/vek280/es/1.0/board.xml as part xcve2802-vsvh1760-2lp-e-s-es1 specified in board_part file is either invalid or not available
WARNING: [Board 49-26] cannot add Board Part xilinx.com:vhk158_es:part0:1.0 available at C:/Xilinx/Vivado/2022.2/data/xhub/boards/XilinxBoardStore/boards/Xilinx/vhk158/es/1.0/board.xml as part xcvh1582-vsva3697-2mp-e-s-es1 specified in board_part file is either invalid or not available
WARNING: [Board 49-26] cannot add Board Part xilinx.com:vpk120_es:part0:1.2 available at C:/Xilinx/Vivado/2022.2/data/xhub/boards/XilinxBoardStore/boards/Xilinx/vpk120/es/1.2/board.xml as part xcvp1202-vsva2785-2mp-e-s-es1 specified in board_part file is either invalid or not available
WARNING: [Board 49-26] cannot add Board Part xilinx.com:vpk120_es_revb:part0:1.0 available at C:/Xilinx/Vivado/2022.2/data/xhub/boards/XilinxBoardStore/boards/Xilinx/vpk120_revb/es/1.0/board.xml as part xcvp1202-vsva2785-2mp-e-s-es1 specified in board_part file is either invalid or not available
WARNING: [Board 49-26] cannot add Board Part xilinx.com:vpk180_es:part0:1.0 available at C:/Xilinx/Vivado/2022.2/data/xhub/boards/XilinxBoardStore/boards/Xilinx/vpk180/es/1.0/board.xml as part xcvp1802-lsvc4072-2mp-e-s-es1 specified in board_part file is either invalid or not available
WARNING: [Board 49-26] cannot add Board Part xilinx.com:zcu208ld:part0:2.0 available at C:/Xilinx/Vivado/2022.2/data/xhub/boards/XilinxBoardStore/boards/Xilinx/zcu208ld/production/2.0/board.xml as part xczu58dr-fsvg1517-2-i specified in board_part file is either invalid or not available
WARNING: [Board 49-26] cannot add Board Part xilinx.com:zcu216ld:part0:2.0 available at C:/Xilinx/Vivado/2022.2/data/xhub/boards/XilinxBoardStore/boards/Xilinx/zcu216ld/production/2.0/board.xml as part xczu59dr-ffvf1760-2-i specified in board_part file is either invalid or not available
WARNING: [Board 49-26] cannot add Board Part xilinx.com:zcu670:part0:2.0 available at C:/Xilinx/Vivado/2022.2/data/xhub/boards/XilinxBoardStore/boards/Xilinx/zcu670/2.0/board.xml as part xczu67dr-fsve1156-2-i specified in board_part file is either invalid or not available
WARNING: [Board 49-26] cannot add Board Part xilinx.com:zcu670ld:part0:1.0 available at C:/Xilinx/Vivado/2022.2/data/xhub/boards/XilinxBoardStore/boards/Xilinx/zcu670ld/1.0/board.xml as part xczu57dr-fsve1156-2-i specified in board_part file is either invalid or not available
Scanning sources...
Finished scanning sources
INFO: [IP_Flow 19-234] Refreshing IP repositories
INFO: [IP_Flow 19-1700] Loaded user IP repository 'c:/emergency/FSRCNN_imple2.vol1/ip_repo/axi4s_feature_extraction_layer'.
INFO: [IP_Flow 19-2313] Loaded Vivado IP repository 'C:/Xilinx/Vivado/2022.2/data/ip'.
open_project: Time (s): cpu = 00:00:16 ; elapsed = 00:00:13 . Memory (MB): peak = 1763.707 ; gain = 362.605
update_compile_order -fileset sources_1
ipx::open_ipxact_file {C:\emergency\FSRCNN_imple2.vol1\ip_repo\axi4s_feature_extraction_layer\component.xml}
WARNING: [IP_Flow 19-5226] Project source file 'c:/emergency/FSRCNN_imple2.vol1/ip_repo/axi4s_feature_extraction_layer/component.xml' ignored by IP packager.
WARNING: [IP_Flow 19-3898] File Group 'xilinx_anylanguagesynthesis (Synthesis)': File 'c:/emergency/FSRCNN_imple2.vol1/ip_repo/axi4s_feature_extraction_layer/constraints.xdc' is not found in the project sources. It will be removed from the packaged IP when the sources are merged. If still required, please add this file to the project and re-package.
WARNING: [IP_Flow 19-3898] File Group 'xilinx_anylanguagesynthesis (Synthesis)': File 'c:/emergency/FSRCNN_imple2.vol1/ip_repo/axi4s_feature_extraction_layer/AXI4S_Feature_Extraction_Layer.srcs/sources_1/ip/feature_dsp_macro_0/feature_dsp_macro_0.xci' is not found in the project sources. It will be removed from the packaged IP when the sources are merged. If still required, please add this file to the project and re-package.
WARNING: [IP_Flow 19-3898] File Group 'xilinx_anylanguagesynthesis (Synthesis)': File 'c:/emergency/FSRCNN_imple2.vol1/ip_repo/axi4s_feature_extraction_layer/AXI4S_Feature_Extraction_Layer.srcs/sources_1/ip/feature_dsp_Requant/feature_dsp_Requant.xci' is not found in the project sources. It will be removed from the packaged IP when the sources are merged. If still required, please add this file to the project and re-package.
WARNING: [IP_Flow 19-3898] File Group 'xilinx_anylanguagesynthesis (Synthesis)': File 'c:/emergency/FSRCNN_imple2.vol1/ip_repo/axi4s_feature_extraction_layer/AXI4S_Feature_Extraction_Layer.srcs/sources_1/ip/feature_blk_mem_gen_0/feature_blk_mem_gen_0.xci' is not found in the project sources. It will be removed from the packaged IP when the sources are merged. If still required, please add this file to the project and re-package.
WARNING: [IP_Flow 19-3898] File Group 'xilinx_anylanguagesynthesis (Synthesis)': File 'c:/emergency/FSRCNN_imple2.vol1/ip_repo/axi4s_feature_extraction_layer/AXI4S_Feature_Extraction_Layer.srcs/sources_1/ip/feature_fifo_generator_0/feature_fifo_generator_0.xci' is not found in the project sources. It will be removed from the packaged IP when the sources are merged. If still required, please add this file to the project and re-package.
WARNING: [IP_Flow 19-3898] File Group 'xilinx_anylanguagesynthesis (Synthesis)': File 'c:/emergency/FSRCNN_imple2.vol1/ip_repo/axi4s_feature_extraction_layer/AXI4S_Feature_Extraction_Layer.srcs/sources_1/new/feature_Line_Buffer.v' is not found in the project sources. It will be removed from the packaged IP when the sources are merged. If still required, please add this file to the project and re-package.
WARNING: [IP_Flow 19-3898] File Group 'xilinx_anylanguagesynthesis (Synthesis)': File 'c:/emergency/FSRCNN_imple2.vol1/ip_repo/axi4s_feature_extraction_layer/AXI4S_Feature_Extraction_Layer.srcs/sources_1/new/feature_PE.v' is not found in the project sources. It will be removed from the packaged IP when the sources are merged. If still required, please add this file to the project and re-package.
WARNING: [IP_Flow 19-3898] File Group 'xilinx_anylanguagesynthesis (Synthesis)': File 'c:/emergency/FSRCNN_imple2.vol1/ip_repo/axi4s_feature_extraction_layer/AXI4S_Feature_Extraction_Layer.srcs/sources_1/new/feature_PE_Array.v' is not found in the project sources. It will be removed from the packaged IP when the sources are merged. If still required, please add this file to the project and re-package.
WARNING: [IP_Flow 19-3898] File Group 'xilinx_anylanguagesynthesis (Synthesis)': File 'c:/emergency/FSRCNN_imple2.vol1/ip_repo/axi4s_feature_extraction_layer/AXI4S_Feature_Extraction_Layer.srcs/sources_1/new/feature_rom_40_ff_async.v' is not found in the project sources. It will be removed from the packaged IP when the sources are merged. If still required, please add this file to the project and re-package.
WARNING: [IP_Flow 19-3898] File Group 'xilinx_anylanguagesynthesis (Synthesis)': File 'c:/emergency/FSRCNN_imple2.vol1/ip_repo/axi4s_feature_extraction_layer/AXI4S_Feature_Extraction_Layer.srcs/sources_1/new/Feature_Extraction_Layer.v' is not found in the project sources. It will be removed from the packaged IP when the sources are merged. If still required, please add this file to the project and re-package.
WARNING: [IP_Flow 19-3898] File Group 'xilinx_anylanguagebehavioralsimulation (Simulation)': File 'c:/emergency/FSRCNN_imple2.vol1/ip_repo/axi4s_feature_extraction_layer/AXI4S_Feature_Extraction_Layer.srcs/sources_1/ip/feature_dsp_macro_0/feature_dsp_macro_0.xci' is not found in the project sources. It will be removed from the packaged IP when the sources are merged. If still required, please add this file to the project and re-package.
WARNING: [IP_Flow 19-3898] File Group 'xilinx_anylanguagebehavioralsimulation (Simulation)': File 'c:/emergency/FSRCNN_imple2.vol1/ip_repo/axi4s_feature_extraction_layer/AXI4S_Feature_Extraction_Layer.srcs/sources_1/ip/feature_dsp_Requant/feature_dsp_Requant.xci' is not found in the project sources. It will be removed from the packaged IP when the sources are merged. If still required, please add this file to the project and re-package.
WARNING: [IP_Flow 19-3898] File Group 'xilinx_anylanguagebehavioralsimulation (Simulation)': File 'c:/emergency/FSRCNN_imple2.vol1/ip_repo/axi4s_feature_extraction_layer/AXI4S_Feature_Extraction_Layer.srcs/sources_1/ip/feature_blk_mem_gen_0/feature_blk_mem_gen_0.xci' is not found in the project sources. It will be removed from the packaged IP when the sources are merged. If still required, please add this file to the project and re-package.
WARNING: [IP_Flow 19-3898] File Group 'xilinx_anylanguagebehavioralsimulation (Simulation)': File 'c:/emergency/FSRCNN_imple2.vol1/ip_repo/axi4s_feature_extraction_layer/AXI4S_Feature_Extraction_Layer.srcs/sources_1/ip/feature_fifo_generator_0/feature_fifo_generator_0.xci' is not found in the project sources. It will be removed from the packaged IP when the sources are merged. If still required, please add this file to the project and re-package.
WARNING: [IP_Flow 19-3898] File Group 'xilinx_anylanguagebehavioralsimulation (Simulation)': File 'c:/emergency/FSRCNN_imple2.vol1/ip_repo/axi4s_feature_extraction_layer/AXI4S_Feature_Extraction_Layer.srcs/sources_1/new/feature_Line_Buffer.v' is not found in the project sources. It will be removed from the packaged IP when the sources are merged. If still required, please add this file to the project and re-package.
WARNING: [IP_Flow 19-3898] File Group 'xilinx_anylanguagebehavioralsimulation (Simulation)': File 'c:/emergency/FSRCNN_imple2.vol1/ip_repo/axi4s_feature_extraction_layer/AXI4S_Feature_Extraction_Layer.srcs/sources_1/new/feature_PE.v' is not found in the project sources. It will be removed from the packaged IP when the sources are merged. If still required, please add this file to the project and re-package.
WARNING: [IP_Flow 19-3898] File Group 'xilinx_anylanguagebehavioralsimulation (Simulation)': File 'c:/emergency/FSRCNN_imple2.vol1/ip_repo/axi4s_feature_extraction_layer/AXI4S_Feature_Extraction_Layer.srcs/sources_1/new/feature_PE_Array.v' is not found in the project sources. It will be removed from the packaged IP when the sources are merged. If still required, please add this file to the project and re-package.
WARNING: [IP_Flow 19-3898] File Group 'xilinx_anylanguagebehavioralsimulation (Simulation)': File 'c:/emergency/FSRCNN_imple2.vol1/ip_repo/axi4s_feature_extraction_layer/AXI4S_Feature_Extraction_Layer.srcs/sources_1/new/feature_rom_40_ff_async.v' is not found in the project sources. It will be removed from the packaged IP when the sources are merged. If still required, please add this file to the project and re-package.
WARNING: [IP_Flow 19-3898] File Group 'xilinx_anylanguagebehavioralsimulation (Simulation)': File 'c:/emergency/FSRCNN_imple2.vol1/ip_repo/axi4s_feature_extraction_layer/AXI4S_Feature_Extraction_Layer.srcs/sources_1/new/Feature_Extraction_Layer.v' is not found in the project sources. It will be removed from the packaged IP when the sources are merged. If still required, please add this file to the project and re-package.
WARNING: [IP_Flow 19-5897] The set of required XPM macros has changed from 'XPM_CDC,XPM_MEMORY' to ''
ipx::merge_project_changes ports [ipx::current_core]
WARNING: [IP_Flow 19-4963] feature_dsp_macro_0 has board value specified. The packaged IP will be restricted to usage with board 'xilinx.com:zcu102:part0:3.4'
WARNING: [IP_Flow 19-5226] Project source file 'c:/emergency/FSRCNN_imple2.vol1/ip_repo/axi4s_feature_extraction_layer/component.xml' ignored by IP packager.
set_property core_revision 12 [ipx::current_core]
ipx::create_xgui_files [ipx::current_core]
ipx::update_checksums [ipx::current_core]
ipx::check_integrity [ipx::current_core]
INFO: [IP_Flow 19-7067] Note that bus interface 'axi_clk' has a fixed FREQ_HZ of ''. This value will be respected whenever this IP is instantiated in IP Integrator.
INFO: [IP_Flow 19-2181] Payment Required is not set for this core.
INFO: [IP_Flow 19-2187] The Product Guide file is missing.
INFO: [Ipptcl 7-1486] check_integrity: Integrity check passed.
ipx::save_core [ipx::current_core]
update_ip_catalog -rebuild -repo_path c:/emergency/FSRCNN_imple2.vol1/ip_repo/axi4s_feature_extraction_layer
INFO: [IP_Flow 19-725] Reloaded user IP repository 'c:/emergency/FSRCNN_imple2.vol1/ip_repo/axi4s_feature_extraction_layer'
exit
INFO: [Common 17-206] Exiting Vivado at Sun Sep 14 14:54:29 2025...
