Vivado Simulator v2022.2
Copyright 1986-1999, 2001-2022 Xilinx, Inc. All Rights Reserved.
Running: C:/Xilinx/Vivado/2022.2/bin/unwrapped/win64.o/xelab.exe --incr --debug typical --relax --mt 2 -L xil_defaultlib -L unisims_ver -L unimacro_ver -L secureip --snapshot tb_bicubic_compute_unit_burst_behav xil_defaultlib.tb_bicubic_compute_unit_burst xil_defaultlib.glbl -log elaborate.log 
Using 2 slave threads.
Starting static elaboration
Pass Through NonSizing Optimizer
Completed static elaboration
Starting simulation data flow analysis
WARNING: [XSIM 43-4099] "D:/Capstone/bicubic/bicubic.srcs/sources_1/new/kernelCalc.v" Line 1. Module bicubic_compute_unit doesn't have a timescale but at least one module in design has a timescale.
WARNING: [XSIM 43-4099] "D:/Capstone/bicubic/bicubic.srcs/sources_1/new/bicubicWeightRom.v" Line 1. Module bicubic_rom2d doesn't have a timescale but at least one module in design has a timescale.
WARNING: [XSIM 43-4099] "D:/Capstone/bicubic/bicubic.srcs/sources_1/new/kernelCalc.v" Line 61. Module kernelCalc_default doesn't have a timescale but at least one module in design has a timescale.
WARNING: [XSIM 43-4099] "D:/Capstone/bicubic/bicubic.srcs/sources_1/new/pipelined_multiplier_2stage.v" Line 1. Module pipelined_multiplier_2stage(INPUT_WIDTH=16) doesn't have a timescale but at least one module in design has a timescale.
WARNING: [XSIM 43-4099] "D:/Capstone/bicubic/bicubic.srcs/sources_1/new/pipelined_multiplier_2stage.v" Line 1. Module pipelined_multiplier_2stage(INPUT_WIDTH=16) doesn't have a timescale but at least one module in design has a timescale.
WARNING: [XSIM 43-4099] "D:/Capstone/bicubic/bicubic.srcs/sources_1/new/pipelined_multiplier_2stage.v" Line 1. Module pipelined_multiplier_2stage(INPUT_WIDTH=16) doesn't have a timescale but at least one module in design has a timescale.
WARNING: [XSIM 43-4099] "D:/Capstone/bicubic/bicubic.srcs/sources_1/new/pipelined_multiplier_2stage.v" Line 1. Module pipelined_multiplier_2stage(INPUT_WIDTH=16) doesn't have a timescale but at least one module in design has a timescale.
WARNING: [XSIM 43-4099] "D:/Capstone/bicubic/bicubic.srcs/sources_1/new/pipelined_multiplier_2stage.v" Line 1. Module pipelined_multiplier_2stage(INPUT_WIDTH=16) doesn't have a timescale but at least one module in design has a timescale.
WARNING: [XSIM 43-4099] "D:/Capstone/bicubic/bicubic.srcs/sources_1/new/pipelined_multiplier_2stage.v" Line 1. Module pipelined_multiplier_2stage(INPUT_WIDTH=16) doesn't have a timescale but at least one module in design has a timescale.
WARNING: [XSIM 43-4099] "D:/Capstone/bicubic/bicubic.srcs/sources_1/new/pipelined_multiplier_2stage.v" Line 1. Module pipelined_multiplier_2stage(INPUT_WIDTH=16) doesn't have a timescale but at least one module in design has a timescale.
WARNING: [XSIM 43-4099] "D:/Capstone/bicubic/bicubic.srcs/sources_1/new/pipelined_multiplier_2stage.v" Line 1. Module pipelined_multiplier_2stage(INPUT_WIDTH=16) doesn't have a timescale but at least one module in design has a timescale.
WARNING: [XSIM 43-4099] "D:/Capstone/bicubic/bicubic.srcs/sources_1/new/pipelined_multiplier_2stage.v" Line 1. Module pipelined_multiplier_2stage(INPUT_WIDTH=16) doesn't have a timescale but at least one module in design has a timescale.
WARNING: [XSIM 43-4099] "D:/Capstone/bicubic/bicubic.srcs/sources_1/new/pipelined_multiplier_2stage.v" Line 1. Module pipelined_multiplier_2stage(INPUT_WIDTH=16) doesn't have a timescale but at least one module in design has a timescale.
WARNING: [XSIM 43-4099] "D:/Capstone/bicubic/bicubic.srcs/sources_1/new/pipelined_multiplier_2stage.v" Line 1. Module pipelined_multiplier_2stage(INPUT_WIDTH=16) doesn't have a timescale but at least one module in design has a timescale.
WARNING: [XSIM 43-4099] "D:/Capstone/bicubic/bicubic.srcs/sources_1/new/pipelined_multiplier_2stage.v" Line 1. Module pipelined_multiplier_2stage(INPUT_WIDTH=16) doesn't have a timescale but at least one module in design has a timescale.
WARNING: [XSIM 43-4099] "D:/Capstone/bicubic/bicubic.srcs/sources_1/new/pipelined_multiplier_2stage.v" Line 1. Module pipelined_multiplier_2stage(INPUT_WIDTH=16) doesn't have a timescale but at least one module in design has a timescale.
WARNING: [XSIM 43-4099] "D:/Capstone/bicubic/bicubic.srcs/sources_1/new/pipelined_multiplier_2stage.v" Line 1. Module pipelined_multiplier_2stage(INPUT_WIDTH=16) doesn't have a timescale but at least one module in design has a timescale.
WARNING: [XSIM 43-4099] "D:/Capstone/bicubic/bicubic.srcs/sources_1/new/pipelined_multiplier_2stage.v" Line 1. Module pipelined_multiplier_2stage(INPUT_WIDTH=16) doesn't have a timescale but at least one module in design has a timescale.
WARNING: [XSIM 43-4099] "D:/Capstone/bicubic/bicubic.srcs/sources_1/new/pipelined_multiplier_2stage.v" Line 1. Module pipelined_multiplier_2stage(INPUT_WIDTH=16) doesn't have a timescale but at least one module in design has a timescale.
WARNING: [XSIM 43-4099] "D:/Capstone/bicubic/bicubic.srcs/sources_1/new/kernelCalc.v" Line 61. Module kernelCalc_default doesn't have a timescale but at least one module in design has a timescale.
WARNING: [XSIM 43-4099] "D:/Capstone/bicubic/bicubic.srcs/sources_1/new/pipelined_multiplier_2stage.v" Line 1. Module pipelined_multiplier_2stage(INPUT_WIDTH=16) doesn't have a timescale but at least one module in design has a timescale.
WARNING: [XSIM 43-4099] "D:/Capstone/bicubic/bicubic.srcs/sources_1/new/pipelined_multiplier_2stage.v" Line 1. Module pipelined_multiplier_2stage(INPUT_WIDTH=16) doesn't have a timescale but at least one module in design has a timescale.
WARNING: [XSIM 43-4099] "D:/Capstone/bicubic/bicubic.srcs/sources_1/new/pipelined_multiplier_2stage.v" Line 1. Module pipelined_multiplier_2stage(INPUT_WIDTH=16) doesn't have a timescale but at least one module in design has a timescale.
WARNING: [XSIM 43-4099] "D:/Capstone/bicubic/bicubic.srcs/sources_1/new/pipelined_multiplier_2stage.v" Line 1. Module pipelined_multiplier_2stage(INPUT_WIDTH=16) doesn't have a timescale but at least one module in design has a timescale.
WARNING: [XSIM 43-4099] "D:/Capstone/bicubic/bicubic.srcs/sources_1/new/pipelined_multiplier_2stage.v" Line 1. Module pipelined_multiplier_2stage(INPUT_WIDTH=16) doesn't have a timescale but at least one module in design has a timescale.
WARNING: [XSIM 43-4099] "D:/Capstone/bicubic/bicubic.srcs/sources_1/new/pipelined_multiplier_2stage.v" Line 1. Module pipelined_multiplier_2stage(INPUT_WIDTH=16) doesn't have a timescale but at least one module in design has a timescale.
WARNING: [XSIM 43-4099] "D:/Capstone/bicubic/bicubic.srcs/sources_1/new/pipelined_multiplier_2stage.v" Line 1. Module pipelined_multiplier_2stage(INPUT_WIDTH=16) doesn't have a timescale but at least one module in design has a timescale.
WARNING: [XSIM 43-4099] "D:/Capstone/bicubic/bicubic.srcs/sources_1/new/pipelined_multiplier_2stage.v" Line 1. Module pipelined_multiplier_2stage(INPUT_WIDTH=16) doesn't have a timescale but at least one module in design has a timescale.
WARNING: [XSIM 43-4099] "D:/Capstone/bicubic/bicubic.srcs/sources_1/new/pipelined_multiplier_2stage.v" Line 1. Module pipelined_multiplier_2stage(INPUT_WIDTH=16) doesn't have a timescale but at least one module in design has a timescale.
WARNING: [XSIM 43-4099] "D:/Capstone/bicubic/bicubic.srcs/sources_1/new/pipelined_multiplier_2stage.v" Line 1. Module pipelined_multiplier_2stage(INPUT_WIDTH=16) doesn't have a timescale but at least one module in design has a timescale.
WARNING: [XSIM 43-4099] "D:/Capstone/bicubic/bicubic.srcs/sources_1/new/pipelined_multiplier_2stage.v" Line 1. Module pipelined_multiplier_2stage(INPUT_WIDTH=16) doesn't have a timescale but at least one module in design has a timescale.
WARNING: [XSIM 43-4099] "D:/Capstone/bicubic/bicubic.srcs/sources_1/new/pipelined_multiplier_2stage.v" Line 1. Module pipelined_multiplier_2stage(INPUT_WIDTH=16) doesn't have a timescale but at least one module in design has a timescale.
WARNING: [XSIM 43-4099] "D:/Capstone/bicubic/bicubic.srcs/sources_1/new/pipelined_multiplier_2stage.v" Line 1. Module pipelined_multiplier_2stage(INPUT_WIDTH=16) doesn't have a timescale but at least one module in design has a timescale.
WARNING: [XSIM 43-4099] "D:/Capstone/bicubic/bicubic.srcs/sources_1/new/pipelined_multiplier_2stage.v" Line 1. Module pipelined_multiplier_2stage(INPUT_WIDTH=16) doesn't have a timescale but at least one module in design has a timescale.
WARNING: [XSIM 43-4099] "D:/Capstone/bicubic/bicubic.srcs/sources_1/new/pipelined_multiplier_2stage.v" Line 1. Module pipelined_multiplier_2stage(INPUT_WIDTH=16) doesn't have a timescale but at least one module in design has a timescale.
WARNING: [XSIM 43-4099] "D:/Capstone/bicubic/bicubic.srcs/sources_1/new/pipelined_multiplier_2stage.v" Line 1. Module pipelined_multiplier_2stage(INPUT_WIDTH=16) doesn't have a timescale but at least one module in design has a timescale.
WARNING: [XSIM 43-4099] "D:/Capstone/bicubic/bicubic.srcs/sources_1/new/kernelCalc.v" Line 61. Module kernelCalc_default doesn't have a timescale but at least one module in design has a timescale.
WARNING: [XSIM 43-4099] "D:/Capstone/bicubic/bicubic.srcs/sources_1/new/pipelined_multiplier_2stage.v" Line 1. Module pipelined_multiplier_2stage(INPUT_WIDTH=16) doesn't have a timescale but at least one module in design has a timescale.
WARNING: [XSIM 43-4099] "D:/Capstone/bicubic/bicubic.srcs/sources_1/new/pipelined_multiplier_2stage.v" Line 1. Module pipelined_multiplier_2stage(INPUT_WIDTH=16) doesn't have a timescale but at least one module in design has a timescale.
WARNING: [XSIM 43-4099] "D:/Capstone/bicubic/bicubic.srcs/sources_1/new/pipelined_multiplier_2stage.v" Line 1. Module pipelined_multiplier_2stage(INPUT_WIDTH=16) doesn't have a timescale but at least one module in design has a timescale.
WARNING: [XSIM 43-4099] "D:/Capstone/bicubic/bicubic.srcs/sources_1/new/pipelined_multiplier_2stage.v" Line 1. Module pipelined_multiplier_2stage(INPUT_WIDTH=16) doesn't have a timescale but at least one module in design has a timescale.
WARNING: [XSIM 43-4099] "D:/Capstone/bicubic/bicubic.srcs/sources_1/new/pipelined_multiplier_2stage.v" Line 1. Module pipelined_multiplier_2stage(INPUT_WIDTH=16) doesn't have a timescale but at least one module in design has a timescale.
WARNING: [XSIM 43-4099] "D:/Capstone/bicubic/bicubic.srcs/sources_1/new/pipelined_multiplier_2stage.v" Line 1. Module pipelined_multiplier_2stage(INPUT_WIDTH=16) doesn't have a timescale but at least one module in design has a timescale.
WARNING: [XSIM 43-4099] "D:/Capstone/bicubic/bicubic.srcs/sources_1/new/pipelined_multiplier_2stage.v" Line 1. Module pipelined_multiplier_2stage(INPUT_WIDTH=16) doesn't have a timescale but at least one module in design has a timescale.
WARNING: [XSIM 43-4099] "D:/Capstone/bicubic/bicubic.srcs/sources_1/new/pipelined_multiplier_2stage.v" Line 1. Module pipelined_multiplier_2stage(INPUT_WIDTH=16) doesn't have a timescale but at least one module in design has a timescale.
WARNING: [XSIM 43-4099] "D:/Capstone/bicubic/bicubic.srcs/sources_1/new/pipelined_multiplier_2stage.v" Line 1. Module pipelined_multiplier_2stage(INPUT_WIDTH=16) doesn't have a timescale but at least one module in design has a timescale.
WARNING: [XSIM 43-4099] "D:/Capstone/bicubic/bicubic.srcs/sources_1/new/pipelined_multiplier_2stage.v" Line 1. Module pipelined_multiplier_2stage(INPUT_WIDTH=16) doesn't have a timescale but at least one module in design has a timescale.
WARNING: [XSIM 43-4099] "D:/Capstone/bicubic/bicubic.srcs/sources_1/new/pipelined_multiplier_2stage.v" Line 1. Module pipelined_multiplier_2stage(INPUT_WIDTH=16) doesn't have a timescale but at least one module in design has a timescale.
WARNING: [XSIM 43-4099] "D:/Capstone/bicubic/bicubic.srcs/sources_1/new/pipelined_multiplier_2stage.v" Line 1. Module pipelined_multiplier_2stage(INPUT_WIDTH=16) doesn't have a timescale but at least one module in design has a timescale.
WARNING: [XSIM 43-4099] "D:/Capstone/bicubic/bicubic.srcs/sources_1/new/pipelined_multiplier_2stage.v" Line 1. Module pipelined_multiplier_2stage(INPUT_WIDTH=16) doesn't have a timescale but at least one module in design has a timescale.
WARNING: [XSIM 43-4099] "D:/Capstone/bicubic/bicubic.srcs/sources_1/new/pipelined_multiplier_2stage.v" Line 1. Module pipelined_multiplier_2stage(INPUT_WIDTH=16) doesn't have a timescale but at least one module in design has a timescale.
WARNING: [XSIM 43-4099] "D:/Capstone/bicubic/bicubic.srcs/sources_1/new/pipelined_multiplier_2stage.v" Line 1. Module pipelined_multiplier_2stage(INPUT_WIDTH=16) doesn't have a timescale but at least one module in design has a timescale.
WARNING: [XSIM 43-4099] "D:/Capstone/bicubic/bicubic.srcs/sources_1/new/pipelined_multiplier_2stage.v" Line 1. Module pipelined_multiplier_2stage(INPUT_WIDTH=16) doesn't have a timescale but at least one module in design has a timescale.
WARNING: [XSIM 43-4099] "D:/Capstone/bicubic/bicubic.srcs/sources_1/new/kernelCalc.v" Line 1. Module bicubic_compute_unit doesn't have a timescale but at least one module in design has a timescale.
WARNING: [XSIM 43-4099] "D:/Capstone/bicubic/bicubic.srcs/sources_1/new/bicubicWeightRom.v" Line 1. Module bicubic_rom2d doesn't have a timescale but at least one module in design has a timescale.
WARNING: [XSIM 43-4099] "D:/Capstone/bicubic/bicubic.srcs/sources_1/new/kernelCalc.v" Line 61. Module kernelCalc_default doesn't have a timescale but at least one module in design has a timescale.
WARNING: [XSIM 43-4099] "D:/Capstone/bicubic/bicubic.srcs/sources_1/new/pipelined_multiplier_2stage.v" Line 1. Module pipelined_multiplier_2stage(INPUT_WIDTH=16) doesn't have a timescale but at least one module in design has a timescale.
WARNING: [XSIM 43-4099] "D:/Capstone/bicubic/bicubic.srcs/sources_1/new/pipelined_multiplier_2stage.v" Line 1. Module pipelined_multiplier_2stage(INPUT_WIDTH=16) doesn't have a timescale but at least one module in design has a timescale.
WARNING: [XSIM 43-4099] "D:/Capstone/bicubic/bicubic.srcs/sources_1/new/pipelined_multiplier_2stage.v" Line 1. Module pipelined_multiplier_2stage(INPUT_WIDTH=16) doesn't have a timescale but at least one module in design has a timescale.
WARNING: [XSIM 43-4099] "D:/Capstone/bicubic/bicubic.srcs/sources_1/new/pipelined_multiplier_2stage.v" Line 1. Module pipelined_multiplier_2stage(INPUT_WIDTH=16) doesn't have a timescale but at least one module in design has a timescale.
WARNING: [XSIM 43-4099] "D:/Capstone/bicubic/bicubic.srcs/sources_1/new/pipelined_multiplier_2stage.v" Line 1. Module pipelined_multiplier_2stage(INPUT_WIDTH=16) doesn't have a timescale but at least one module in design has a timescale.
WARNING: [XSIM 43-4099] "D:/Capstone/bicubic/bicubic.srcs/sources_1/new/pipelined_multiplier_2stage.v" Line 1. Module pipelined_multiplier_2stage(INPUT_WIDTH=16) doesn't have a timescale but at least one module in design has a timescale.
WARNING: [XSIM 43-4099] "D:/Capstone/bicubic/bicubic.srcs/sources_1/new/pipelined_multiplier_2stage.v" Line 1. Module pipelined_multiplier_2stage(INPUT_WIDTH=16) doesn't have a timescale but at least one module in design has a timescale.
WARNING: [XSIM 43-4099] "D:/Capstone/bicubic/bicubic.srcs/sources_1/new/pipelined_multiplier_2stage.v" Line 1. Module pipelined_multiplier_2stage(INPUT_WIDTH=16) doesn't have a timescale but at least one module in design has a timescale.
WARNING: [XSIM 43-4099] "D:/Capstone/bicubic/bicubic.srcs/sources_1/new/pipelined_multiplier_2stage.v" Line 1. Module pipelined_multiplier_2stage(INPUT_WIDTH=16) doesn't have a timescale but at least one module in design has a timescale.
WARNING: [XSIM 43-4099] "D:/Capstone/bicubic/bicubic.srcs/sources_1/new/pipelined_multiplier_2stage.v" Line 1. Module pipelined_multiplier_2stage(INPUT_WIDTH=16) doesn't have a timescale but at least one module in design has a timescale.
WARNING: [XSIM 43-4099] "D:/Capstone/bicubic/bicubic.srcs/sources_1/new/pipelined_multiplier_2stage.v" Line 1. Module pipelined_multiplier_2stage(INPUT_WIDTH=16) doesn't have a timescale but at least one module in design has a timescale.
WARNING: [XSIM 43-4099] "D:/Capstone/bicubic/bicubic.srcs/sources_1/new/pipelined_multiplier_2stage.v" Line 1. Module pipelined_multiplier_2stage(INPUT_WIDTH=16) doesn't have a timescale but at least one module in design has a timescale.
WARNING: [XSIM 43-4099] "D:/Capstone/bicubic/bicubic.srcs/sources_1/new/pipelined_multiplier_2stage.v" Line 1. Module pipelined_multiplier_2stage(INPUT_WIDTH=16) doesn't have a timescale but at least one module in design has a timescale.
WARNING: [XSIM 43-4099] "D:/Capstone/bicubic/bicubic.srcs/sources_1/new/pipelined_multiplier_2stage.v" Line 1. Module pipelined_multiplier_2stage(INPUT_WIDTH=16) doesn't have a timescale but at least one module in design has a timescale.
WARNING: [XSIM 43-4099] "D:/Capstone/bicubic/bicubic.srcs/sources_1/new/pipelined_multiplier_2stage.v" Line 1. Module pipelined_multiplier_2stage(INPUT_WIDTH=16) doesn't have a timescale but at least one module in design has a timescale.
WARNING: [XSIM 43-4099] "D:/Capstone/bicubic/bicubic.srcs/sources_1/new/pipelined_multiplier_2stage.v" Line 1. Module pipelined_multiplier_2stage(INPUT_WIDTH=16) doesn't have a timescale but at least one module in design has a timescale.
WARNING: [XSIM 43-4099] "D:/Capstone/bicubic/bicubic.srcs/sources_1/new/kernelCalc.v" Line 61. Module kernelCalc_default doesn't have a timescale but at least one module in design has a timescale.
WARNING: [XSIM 43-4099] "D:/Capstone/bicubic/bicubic.srcs/sources_1/new/pipelined_multiplier_2stage.v" Line 1. Module pipelined_multiplier_2stage(INPUT_WIDTH=16) doesn't have a timescale but at least one module in design has a timescale.
WARNING: [XSIM 43-4099] "D:/Capstone/bicubic/bicubic.srcs/sources_1/new/pipelined_multiplier_2stage.v" Line 1. Module pipelined_multiplier_2stage(INPUT_WIDTH=16) doesn't have a timescale but at least one module in design has a timescale.
WARNING: [XSIM 43-4099] "D:/Capstone/bicubic/bicubic.srcs/sources_1/new/pipelined_multiplier_2stage.v" Line 1. Module pipelined_multiplier_2stage(INPUT_WIDTH=16) doesn't have a timescale but at least one module in design has a timescale.
WARNING: [XSIM 43-4099] "D:/Capstone/bicubic/bicubic.srcs/sources_1/new/pipelined_multiplier_2stage.v" Line 1. Module pipelined_multiplier_2stage(INPUT_WIDTH=16) doesn't have a timescale but at least one module in design has a timescale.
WARNING: [XSIM 43-4099] "D:/Capstone/bicubic/bicubic.srcs/sources_1/new/pipelined_multiplier_2stage.v" Line 1. Module pipelined_multiplier_2stage(INPUT_WIDTH=16) doesn't have a timescale but at least one module in design has a timescale.
WARNING: [XSIM 43-4099] "D:/Capstone/bicubic/bicubic.srcs/sources_1/new/pipelined_multiplier_2stage.v" Line 1. Module pipelined_multiplier_2stage(INPUT_WIDTH=16) doesn't have a timescale but at least one module in design has a timescale.
WARNING: [XSIM 43-4099] "D:/Capstone/bicubic/bicubic.srcs/sources_1/new/pipelined_multiplier_2stage.v" Line 1. Module pipelined_multiplier_2stage(INPUT_WIDTH=16) doesn't have a timescale but at least one module in design has a timescale.
WARNING: [XSIM 43-4099] "D:/Capstone/bicubic/bicubic.srcs/sources_1/new/pipelined_multiplier_2stage.v" Line 1. Module pipelined_multiplier_2stage(INPUT_WIDTH=16) doesn't have a timescale but at least one module in design has a timescale.
WARNING: [XSIM 43-4099] "D:/Capstone/bicubic/bicubic.srcs/sources_1/new/pipelined_multiplier_2stage.v" Line 1. Module pipelined_multiplier_2stage(INPUT_WIDTH=16) doesn't have a timescale but at least one module in design has a timescale.
WARNING: [XSIM 43-4099] "D:/Capstone/bicubic/bicubic.srcs/sources_1/new/pipelined_multiplier_2stage.v" Line 1. Module pipelined_multiplier_2stage(INPUT_WIDTH=16) doesn't have a timescale but at least one module in design has a timescale.
WARNING: [XSIM 43-4099] "D:/Capstone/bicubic/bicubic.srcs/sources_1/new/pipelined_multiplier_2stage.v" Line 1. Module pipelined_multiplier_2stage(INPUT_WIDTH=16) doesn't have a timescale but at least one module in design has a timescale.
WARNING: [XSIM 43-4099] "D:/Capstone/bicubic/bicubic.srcs/sources_1/new/pipelined_multiplier_2stage.v" Line 1. Module pipelined_multiplier_2stage(INPUT_WIDTH=16) doesn't have a timescale but at least one module in design has a timescale.
WARNING: [XSIM 43-4099] "D:/Capstone/bicubic/bicubic.srcs/sources_1/new/pipelined_multiplier_2stage.v" Line 1. Module pipelined_multiplier_2stage(INPUT_WIDTH=16) doesn't have a timescale but at least one module in design has a timescale.
WARNING: [XSIM 43-4099] "D:/Capstone/bicubic/bicubic.srcs/sources_1/new/pipelined_multiplier_2stage.v" Line 1. Module pipelined_multiplier_2stage(INPUT_WIDTH=16) doesn't have a timescale but at least one module in design has a timescale.
WARNING: [XSIM 43-4099] "D:/Capstone/bicubic/bicubic.srcs/sources_1/new/pipelined_multiplier_2stage.v" Line 1. Module pipelined_multiplier_2stage(INPUT_WIDTH=16) doesn't have a timescale but at least one module in design has a timescale.
WARNING: [XSIM 43-4099] "D:/Capstone/bicubic/bicubic.srcs/sources_1/new/pipelined_multiplier_2stage.v" Line 1. Module pipelined_multiplier_2stage(INPUT_WIDTH=16) doesn't have a timescale but at least one module in design has a timescale.
WARNING: [XSIM 43-4099] "D:/Capstone/bicubic/bicubic.srcs/sources_1/new/kernelCalc.v" Line 61. Module kernelCalc_default doesn't have a timescale but at least one module in design has a timescale.
WARNING: [XSIM 43-4099] "D:/Capstone/bicubic/bicubic.srcs/sources_1/new/pipelined_multiplier_2stage.v" Line 1. Module pipelined_multiplier_2stage(INPUT_WIDTH=16) doesn't have a timescale but at least one module in design has a timescale.
WARNING: [XSIM 43-4099] "D:/Capstone/bicubic/bicubic.srcs/sources_1/new/pipelined_multiplier_2stage.v" Line 1. Module pipelined_multiplier_2stage(INPUT_WIDTH=16) doesn't have a timescale but at least one module in design has a timescale.
WARNING: [XSIM 43-4099] "D:/Capstone/bicubic/bicubic.srcs/sources_1/new/pipelined_multiplier_2stage.v" Line 1. Module pipelined_multiplier_2stage(INPUT_WIDTH=16) doesn't have a timescale but at least one module in design has a timescale.
WARNING: [XSIM 43-4099] "D:/Capstone/bicubic/bicubic.srcs/sources_1/new/pipelined_multiplier_2stage.v" Line 1. Module pipelined_multiplier_2stage(INPUT_WIDTH=16) doesn't have a timescale but at least one module in design has a timescale.
WARNING: [XSIM 43-4099] "D:/Capstone/bicubic/bicubic.srcs/sources_1/new/pipelined_multiplier_2stage.v" Line 1. Module pipelined_multiplier_2stage(INPUT_WIDTH=16) doesn't have a timescale but at least one module in design has a timescale.
WARNING: [XSIM 43-4099] "D:/Capstone/bicubic/bicubic.srcs/sources_1/new/pipelined_multiplier_2stage.v" Line 1. Module pipelined_multiplier_2stage(INPUT_WIDTH=16) doesn't have a timescale but at least one module in design has a timescale.
WARNING: [XSIM 43-4099] "D:/Capstone/bicubic/bicubic.srcs/sources_1/new/pipelined_multiplier_2stage.v" Line 1. Module pipelined_multiplier_2stage(INPUT_WIDTH=16) doesn't have a timescale but at least one module in design has a timescale.
WARNING: [XSIM 43-4099] "D:/Capstone/bicubic/bicubic.srcs/sources_1/new/pipelined_multiplier_2stage.v" Line 1. Module pipelined_multiplier_2stage(INPUT_WIDTH=16) doesn't have a timescale but at least one module in design has a timescale.
WARNING: [XSIM 43-4099] "D:/Capstone/bicubic/bicubic.srcs/sources_1/new/pipelined_multiplier_2stage.v" Line 1. Module pipelined_multiplier_2stage(INPUT_WIDTH=16) doesn't have a timescale but at least one module in design has a timescale.
WARNING: [XSIM 43-4099] "D:/Capstone/bicubic/bicubic.srcs/sources_1/new/pipelined_multiplier_2stage.v" Line 1. Module pipelined_multiplier_2stage(INPUT_WIDTH=16) doesn't have a timescale but at least one module in design has a timescale.
INFO: [Common 17-14] Message 'XSIM 43-4099' appears 100 times and further instances of the messages will be disabled. Use the Tcl command set_msg_config to change the current settings.
Completed simulation data flow analysis
Time Resolution for simulation is 1ps
Compiling module xil_defaultlib.bicubic_rom2d
Compiling module xil_defaultlib.pipelined_multiplier_2stage(INPU...
Compiling module xil_defaultlib.kernelCalc_default
Compiling module xil_defaultlib.bicubic_compute_unit
Compiling module xil_defaultlib.tb_bicubic_compute_unit_burst
Compiling module xil_defaultlib.glbl
Built simulation snapshot tb_bicubic_compute_unit_burst_behav
