Copyright 1986-2022 Xilinx, Inc. All Rights Reserved.
------------------------------------------------------------------------------------
| Tool Version : Vivado v.2022.2 (win64) Build 3671981 Fri Oct 14 05:00:03 MDT 2022
| Date         : Thu Sep 11 22:20:49 2025
| Host         : DESKTOP-DD0PJLS running 64-bit major release  (build 9200)
| Command      : upgrade_ip
| Device       : xczu9eg-ffvb1156-2-e
------------------------------------------------------------------------------------

Upgrade Log for IP 'shrink_fifo_generator_1'

1. Summary
----------

SUCCESS in the conversion of shrink_fifo_generator_1 (xilinx.com:ip:fifo_generator:13.2 (Rev. 7)) to Vivado generation flows.






Copyright 1986-2022 Xilinx, Inc. All Rights Reserved.
------------------------------------------------------------------------------------
| Tool Version : Vivado v.2022.2 (win64) Build 3671981 Fri Oct 14 05:00:03 MDT 2022
| Date         : Thu Sep 11 22:20:48 2025
| Host         : DESKTOP-DD0PJLS running 64-bit major release  (build 9200)
| Command      : upgrade_ip
| Device       : xczu9eg-ffvb1156-2-e
------------------------------------------------------------------------------------

Upgrade Log for IP 'shrink_dsp_macro_1'

1. Summary
----------

SUCCESS in the conversion of shrink_dsp_macro_1 (xilinx.com:ip:dsp_macro:1.0 (Rev. 2)) to Vivado generation flows.






Copyright 1986-2022 Xilinx, Inc. All Rights Reserved.
------------------------------------------------------------------------------------
| Tool Version : Vivado v.2022.2 (win64) Build 3671981 Fri Oct 14 05:00:03 MDT 2022
| Date         : Thu Sep 11 22:16:33 2025
| Host         : DESKTOP-DD0PJLS running 64-bit major release  (build 9200)
| Command      : upgrade_ip
| Device       : xczu7ev-ffvc1156-2-e
------------------------------------------------------------------------------------

Upgrade Log for IP 'shrink_fifo_generator_1'

1. Summary
----------

SUCCESS in the upgrade of shrink_fifo_generator_1 (xilinx.com:ip:fifo_generator:13.2) from (Rev. 4) to (Rev. 7)






Copyright 1986-2022 Xilinx, Inc. All Rights Reserved.
------------------------------------------------------------------------------------
| Tool Version : Vivado v.2022.2 (win64) Build 3671981 Fri Oct 14 05:00:03 MDT 2022
| Date         : Thu Sep 11 22:16:33 2025
| Host         : DESKTOP-DD0PJLS running 64-bit major release  (build 9200)
| Command      : upgrade_ip
| Device       : xczu7ev-ffvc1156-2-e
------------------------------------------------------------------------------------

Upgrade Log for IP 'shrink_dsp_macro_1'

1. Summary
----------

SUCCESS in the upgrade of shrink_dsp_macro_1 from xilinx.com:ip:xbip_dsp48_macro:3.0 (Rev. 17) to xilinx.com:ip:dsp_macro:1.0 (Rev. 2)

2. Upgrade messages
-------------------

Added parameter c_square_fcn with value false (source 'default')

