Copyright 1986-2022 Xilinx, Inc. All Rights Reserved.
---------------------------------------------------------------------------------------------------------------------------
| Tool Version : Vivado v.2022.2 (win64) Build 3671981 Fri Oct 14 05:00:03 MDT 2022
| Date         : Thu Sep 11 22:16:22 2025
| Host         : DESKTOP-DD0PJLS running 64-bit major release  (build 9200)
| Command      : upgrade_project -migrate_output_products
| Project_Path : D:/FSRCNN_imple2/ip_repo/AXIS_Shrinking_Layer_v19.1_0910/AXIS_Shrinking_Layer_v19.1_0910.xpr
---------------------------------------------------------------------------------------------------------------------------

Project Status Summary

1. Project IP Status
--------------------
This project contains 2 IP and 0 Block Designs.


1.1 Project IP Instances
+-------------------------+-------------------------+-------------------------------------+-------------------------------------+
| Instance Name           | Status                  | Reason                              | Recommendation                      |
+-------------------------+-------------------------+-------------------------------------+-------------------------------------+
| shrink_dsp_macro_1      | Will be Migrated.       |                                     |                                     |
+-------------------------+-------------------------+-------------------------------------+-------------------------------------+
| shrink_fifo_generator_1 | Will be Migrated.       |                                     |                                     |
+-------------------------+-------------------------+-------------------------------------+-------------------------------------+



